<?xml version="1.0" encoding="UTF-8"?>
<coverage generated="1750523157784" clover="3.2.0">
  <project timestamp="1750523157784" name="All files">
    <metrics statements="458" coveredstatements="429" conditionals="138" coveredconditionals="118" methods="86" coveredmethods="83" elements="682" coveredelements="630" complexity="0" loc="458" ncloc="458" packages="4" files="6" classes="6"/>
    <package name="backend.services.printer">
      <metrics statements="255" coveredstatements="244" conditionals="61" coveredconditionals="53" methods="30" coveredmethods="29"/>
      <file name="thermal-printer.service.ts" path="/Users/velez/dev/parking-lot-management/src/backend/services/printer/thermal-printer.service.ts">
        <metrics statements="255" coveredstatements="244" conditionals="61" coveredconditionals="53" methods="30" coveredmethods="29"/>
        <line num="13" count="4" type="stmt"/>
        <line num="14" count="4" type="stmt"/>
        <line num="15" count="4" type="stmt"/>
        <line num="24" count="4" type="stmt"/>
        <line num="26" count="4" type="stmt"/>
        <line num="27" count="69" type="stmt"/>
        <line num="29" count="69" type="stmt"/>
        <line num="31" count="69" type="stmt"/>
        <line num="32" count="69" type="stmt"/>
        <line num="33" count="69" type="stmt"/>
        <line num="34" count="69" type="stmt"/>
        <line num="37" count="69" type="stmt"/>
        <line num="39" count="69" type="stmt"/>
        <line num="49" count="69" type="stmt"/>
        <line num="62" count="69" type="stmt"/>
        <line num="63" count="69" type="stmt"/>
        <line num="70" count="69" type="stmt"/>
        <line num="71" count="69" type="stmt"/>
        <line num="83" count="69" type="stmt"/>
        <line num="85" count="0" type="stmt"/>
        <line num="93" count="55" type="cond" truecount="0" falsecount="1"/>
        <line num="94" count="0" type="stmt"/>
        <line num="97" count="55" type="stmt"/>
        <line num="98" count="55" type="stmt"/>
        <line num="100" count="55" type="stmt"/>
        <line num="101" count="55" type="stmt"/>
        <line num="102" count="66" type="stmt"/>
        <line num="103" count="66" type="cond" truecount="0" falsecount="1"/>
        <line num="104" count="0" type="stmt"/>
        <line num="107" count="66" type="stmt"/>
        <line num="108" count="49" type="cond" truecount="1" falsecount="0"/>
        <line num="109" count="49" type="stmt"/>
        <line num="110" count="49" type="stmt"/>
        <line num="111" count="49" type="stmt"/>
        <line num="112" count="49" type="stmt"/>
        <line num="114" count="49" type="stmt"/>
        <line num="115" count="49" type="stmt"/>
        <line num="118" count="49" type="cond" truecount="1" falsecount="0"/>
        <line num="119" count="1" type="stmt"/>
        <line num="122" count="49" type="stmt"/>
        <line num="125" count="17" type="stmt"/>
        <line num="126" count="17" type="stmt"/>
        <line num="128" count="17" type="cond" truecount="2" falsecount="0"/>
        <line num="129" count="11" type="stmt"/>
        <line num="130" count="11" type="stmt"/>
        <line num="132" count="6" type="stmt"/>
        <line num="137" count="6" type="stmt"/>
        <line num="138" count="6" type="stmt"/>
        <line num="139" count="6" type="stmt"/>
        <line num="140" count="6" type="stmt"/>
        <line num="141" count="6" type="stmt"/>
        <line num="144" count="6" type="stmt"/>
        <line num="145" count="6" type="stmt"/>
        <line num="152" count="72" type="cond" truecount="1" falsecount="0"/>
        <line num="153" count="9" type="stmt"/>
        <line num="154" count="9" type="stmt"/>
        <line num="157" count="72" type="stmt"/>
        <line num="158" count="72" type="stmt"/>
        <line num="159" count="72" type="stmt"/>
        <line num="160" count="72" type="stmt"/>
        <line num="162" count="72" type="stmt"/>
        <line num="163" count="72" type="stmt"/>
        <line num="170" count="6" type="stmt"/>
        <line num="171" count="6" type="stmt"/>
        <line num="186" count="14" type="stmt"/>
        <line num="187" count="14" type="stmt"/>
        <line num="202" count="3" type="stmt"/>
        <line num="203" count="3" type="stmt"/>
        <line num="218" count="2" type="stmt"/>
        <line num="219" count="2" type="stmt"/>
        <line num="234" count="126" type="stmt"/>
        <line num="235" count="126" type="stmt"/>
        <line num="250" count="6" type="stmt"/>
        <line num="253" count="6" type="stmt"/>
        <line num="254" count="6" type="stmt"/>
        <line num="255" count="6" type="stmt"/>
        <line num="256" count="6" type="stmt"/>
        <line num="257" count="6" type="stmt"/>
        <line num="260" count="6" type="stmt"/>
        <line num="261" count="6" type="stmt"/>
        <line num="262" count="6" type="stmt"/>
        <line num="265" count="6" type="stmt"/>
        <line num="268" count="6" type="stmt"/>
        <line num="271" count="6" type="stmt"/>
        <line num="272" count="6" type="stmt"/>
        <line num="273" count="6" type="stmt"/>
        <line num="276" count="6" type="stmt"/>
        <line num="277" count="6" type="stmt"/>
        <line num="280" count="6" type="stmt"/>
        <line num="281" count="6" type="stmt"/>
        <line num="283" count="6" type="stmt"/>
        <line num="290" count="14" type="stmt"/>
        <line num="293" count="14" type="stmt"/>
        <line num="294" count="14" type="stmt"/>
        <line num="295" count="14" type="stmt"/>
        <line num="296" count="14" type="stmt"/>
        <line num="297" count="14" type="stmt"/>
        <line num="300" count="14" type="stmt"/>
        <line num="301" count="14" type="stmt"/>
        <line num="302" count="14" type="stmt"/>
        <line num="305" count="14" type="stmt"/>
        <line num="308" count="14" type="stmt"/>
        <line num="313" count="14" type="stmt"/>
        <line num="314" count="14" type="stmt"/>
        <line num="315" count="14" type="stmt"/>
        <line num="318" count="14" type="stmt"/>
        <line num="321" count="14" type="stmt"/>
        <line num="325" count="14" type="cond" truecount="3" falsecount="0"/>
        <line num="326" count="14" type="stmt"/>
        <line num="330" count="14" type="stmt"/>
        <line num="333" count="14" type="stmt"/>
        <line num="334" count="14" type="stmt"/>
        <line num="335" count="14" type="stmt"/>
        <line num="337" count="14" type="stmt"/>
        <line num="344" count="3" type="stmt"/>
        <line num="347" count="3" type="stmt"/>
        <line num="348" count="3" type="stmt"/>
        <line num="349" count="3" type="stmt"/>
        <line num="350" count="3" type="stmt"/>
        <line num="351" count="3" type="stmt"/>
        <line num="354" count="3" type="stmt"/>
        <line num="355" count="3" type="stmt"/>
        <line num="356" count="3" type="stmt"/>
        <line num="359" count="3" type="stmt"/>
        <line num="362" count="3" type="stmt"/>
        <line num="366" count="3" type="cond" truecount="3" falsecount="0"/>
        <line num="367" count="3" type="stmt"/>
        <line num="371" count="3" type="stmt"/>
        <line num="374" count="3" type="stmt"/>
        <line num="375" count="3" type="stmt"/>
        <line num="377" count="3" type="stmt"/>
        <line num="384" count="2" type="stmt"/>
        <line num="387" count="2" type="stmt"/>
        <line num="388" count="2" type="stmt"/>
        <line num="389" count="2" type="stmt"/>
        <line num="390" count="2" type="stmt"/>
        <line num="391" count="2" type="stmt"/>
        <line num="394" count="2" type="cond" truecount="1" falsecount="0"/>
        <line num="395" count="2" type="stmt"/>
        <line num="397" count="2" type="stmt"/>
        <line num="398" count="2" type="stmt"/>
        <line num="401" count="2" type="stmt"/>
        <line num="402" count="2" type="stmt"/>
        <line num="406" count="2" type="cond" truecount="1" falsecount="0"/>
        <line num="407" count="2" type="stmt"/>
        <line num="411" count="2" type="stmt"/>
        <line num="414" count="2" type="stmt"/>
        <line num="415" count="2" type="stmt"/>
        <line num="417" count="2" type="stmt"/>
        <line num="424" count="126" type="stmt"/>
        <line num="426" count="126" type="stmt"/>
        <line num="427" count="126" type="stmt"/>
        <line num="428" count="126" type="stmt"/>
        <line num="429" count="126" type="stmt"/>
        <line num="430" count="126" type="stmt"/>
        <line num="431" count="126" type="stmt"/>
        <line num="432" count="126" type="stmt"/>
        <line num="433" count="126" type="stmt"/>
        <line num="435" count="126" type="stmt"/>
        <line num="442" count="722" type="stmt"/>
        <line num="443" count="722" type="stmt"/>
        <line num="451" count="151" type="cond" truecount="1" falsecount="0"/>
        <line num="452" count="5" type="stmt"/>
        <line num="453" count="5" type="stmt"/>
        <line num="456" count="146" type="stmt"/>
        <line num="457" count="146" type="stmt"/>
        <line num="458" count="146" type="stmt"/>
        <line num="459" count="146" type="stmt"/>
        <line num="462" count="146" type="cond" truecount="3" falsecount="0"/>
        <line num="463" count="32" type="stmt"/>
        <line num="466" count="146" type="stmt"/>
        <line num="473" count="33" type="cond" truecount="3" falsecount="1"/>
        <line num="474" count="0" type="stmt"/>
        <line num="477" count="33" type="stmt"/>
        <line num="478" count="33" type="stmt"/>
        <line num="480" count="33" type="cond" truecount="2" falsecount="0"/>
        <line num="481" count="48" type="stmt"/>
        <line num="482" count="48" type="stmt"/>
        <line num="483" count="48" type="stmt"/>
        <line num="485" count="48" type="stmt"/>
        <line num="486" count="48" type="stmt"/>
        <line num="487" count="44" type="cond" truecount="2" falsecount="0"/>
        <line num="488" count="29" type="stmt"/>
        <line num="489" count="29" type="stmt"/>
        <line num="490" count="29" type="stmt"/>
        <line num="492" count="15" type="stmt"/>
        <line num="493" count="15" type="cond" truecount="2" falsecount="0"/>
        <line num="494" count="12" type="stmt"/>
        <line num="495" count="12" type="stmt"/>
        <line num="496" count="12" type="stmt"/>
        <line num="497" count="12" type="stmt"/>
        <line num="499" count="3" type="stmt"/>
        <line num="500" count="3" type="stmt"/>
        <line num="501" count="3" type="stmt"/>
        <line num="505" count="4" type="stmt"/>
        <line num="506" count="4" type="cond" truecount="1" falsecount="1"/>
        <line num="507" count="4" type="stmt"/>
        <line num="508" count="4" type="stmt"/>
        <line num="511" count="48" type="stmt"/>
        <line num="512" count="48" type="stmt"/>
        <line num="515" count="33" type="stmt"/>
        <line num="516" count="33" type="stmt"/>
        <line num="523" count="48" type="cond" truecount="2" falsecount="1"/>
        <line num="524" count="0" type="stmt"/>
        <line num="527" count="48" type="stmt"/>
        <line num="529" count="48" type="stmt"/>
        <line num="532" count="48" type="stmt"/>
        <line num="535" count="48" type="stmt"/>
        <line num="538" count="48" type="stmt"/>
        <line num="539" count="144" type="stmt"/>
        <line num="543" count="48" type="stmt"/>
        <line num="545" count="29" type="cond" truecount="1" falsecount="1"/>
        <line num="546" count="29" type="stmt"/>
        <line num="547" count="29" type="stmt"/>
        <line num="549" count="0" type="stmt"/>
        <line num="550" count="0" type="stmt"/>
        <line num="553" count="19" type="stmt"/>
        <line num="554" count="15" type="stmt"/>
        <line num="562" count="20" type="stmt"/>
        <line num="569" count="1" type="stmt"/>
        <line num="576" count="2" type="stmt"/>
        <line num="577" count="2" type="stmt"/>
        <line num="578" count="2" type="stmt"/>
        <line num="579" count="2" type="stmt"/>
        <line num="586" count="30" type="stmt"/>
        <line num="595" count="30" type="stmt"/>
        <line num="596" count="30" type="stmt"/>
        <line num="598" count="30" type="stmt"/>
        <line num="599" count="26" type="stmt"/>
        <line num="606" count="9" type="cond" truecount="0" falsecount="1"/>
        <line num="607" count="0" type="stmt"/>
        <line num="610" count="9" type="stmt"/>
        <line num="611" count="1" type="stmt"/>
        <line num="619" count="69" type="stmt"/>
        <line num="620" count="0" type="stmt"/>
        <line num="628" count="3" type="cond" truecount="2" falsecount="1"/>
        <line num="629" count="0" type="stmt"/>
        <line num="632" count="3" type="stmt"/>
        <line num="633" count="3" type="stmt"/>
        <line num="634" count="3" type="cond" truecount="3" falsecount="0"/>
        <line num="635" count="3" type="stmt"/>
        <line num="636" count="3" type="stmt"/>
        <line num="637" count="3" type="stmt"/>
        <line num="638" count="3" type="stmt"/>
        <line num="639" count="3" type="stmt"/>
        <line num="642" count="0" type="stmt"/>
        <line num="645" count="3" type="stmt"/>
        <line num="646" count="3" type="stmt"/>
        <line num="653" count="11" type="stmt"/>
        <line num="660" count="70" type="cond" truecount="1" falsecount="0"/>
        <line num="661" count="9" type="stmt"/>
        <line num="664" count="70" type="cond" truecount="1" falsecount="0"/>
        <line num="665" count="70" type="stmt"/>
        <line num="668" count="70" type="stmt"/>
        <line num="669" count="70" type="stmt"/>
      </file>
    </package>
    <package name="shared.localization">
      <metrics statements="93" coveredstatements="82" conditionals="40" coveredconditionals="32" methods="19" coveredmethods="19"/>
      <file name="es-MX.ts" path="/Users/velez/dev/parking-lot-management/src/shared/localization/es-MX.ts">
        <metrics statements="1" coveredstatements="1" conditionals="0" coveredconditionals="0" methods="0" coveredmethods="0"/>
        <line num="7" count="9" type="stmt"/>
      </file>
      <file name="i18n.ts" path="/Users/velez/dev/parking-lot-management/src/shared/localization/i18n.ts">
        <metrics statements="92" coveredstatements="81" conditionals="40" coveredconditionals="32" methods="19" coveredmethods="19"/>
        <line num="2" count="9" type="stmt"/>
        <line num="8" count="9" type="stmt"/>
        <line num="21" count="9" type="stmt"/>
        <line num="24" count="9" type="stmt"/>
        <line num="32" count="9" type="stmt"/>
        <line num="33" count="9" type="stmt"/>
        <line num="36" count="9" type="stmt"/>
        <line num="40" count="9" type="stmt"/>
        <line num="47" count="9" type="stmt"/>
        <line num="49" count="9" type="stmt"/>
        <line num="56" count="9" type="stmt"/>
        <line num="63" count="9" type="stmt"/>
        <line num="75" count="9" type="cond" truecount="1" falsecount="0"/>
        <line num="76" count="9" type="stmt"/>
        <line num="78" count="9" type="stmt"/>
        <line num="87" count="1225" type="cond" truecount="2" falsecount="0"/>
        <line num="90" count="1225" type="cond" truecount="1" falsecount="0"/>
        <line num="91" count="819" type="stmt"/>
        <line num="95" count="406" type="cond" truecount="3" falsecount="0"/>
        <line num="96" count="4" type="stmt"/>
        <line num="99" count="402" type="stmt"/>
        <line num="100" count="402" type="stmt"/>
        <line num="102" count="402" type="stmt"/>
        <line num="103" count="800" type="cond" truecount="5" falsecount="0"/>
        <line num="104" count="794" type="stmt"/>
        <line num="107" count="6" type="stmt"/>
        <line num="108" count="6" type="stmt"/>
        <line num="112" count="396" type="cond" truecount="1" falsecount="1"/>
        <line num="115" count="396" type="cond" truecount="3" falsecount="0"/>
        <line num="116" count="80" type="stmt"/>
        <line num="120" count="396" type="stmt"/>
        <line num="121" count="396" type="stmt"/>
        <line num="129" count="80" type="stmt"/>
        <line num="130" count="72" type="cond" truecount="1" falsecount="0"/>
        <line num="131" count="72" type="stmt"/>
        <line num="132" count="72" type="cond" truecount="3" falsecount="1"/>
        <line num="134" count="0" type="stmt"/>
        <line num="142" count="1" type="stmt"/>
        <line num="149" count="20" type="cond" truecount="0" falsecount="1"/>
        <line num="150" count="0" type="stmt"/>
        <line num="153" count="20" type="stmt"/>
        <line num="154" count="20" type="stmt"/>
        <line num="157" count="0" type="stmt"/>
        <line num="165" count="11" type="cond" truecount="0" falsecount="1"/>
        <line num="166" count="0" type="stmt"/>
        <line num="169" count="11" type="stmt"/>
        <line num="170" count="11" type="stmt"/>
        <line num="173" count="1" type="stmt"/>
        <line num="181" count="6" type="cond" truecount="0" falsecount="1"/>
        <line num="182" count="0" type="stmt"/>
        <line num="185" count="6" type="stmt"/>
        <line num="186" count="6" type="stmt"/>
        <line num="189" count="0" type="stmt"/>
        <line num="197" count="178" type="cond" truecount="0" falsecount="1"/>
        <line num="198" count="0" type="stmt"/>
        <line num="201" count="178" type="stmt"/>
        <line num="202" count="178" type="stmt"/>
        <line num="205" count="0" type="stmt"/>
        <line num="213" count="2" type="stmt"/>
        <line num="220" count="4" type="stmt"/>
        <line num="221" count="4" type="stmt"/>
        <line num="222" count="4" type="stmt"/>
        <line num="226" count="4" type="cond" truecount="1" falsecount="1"/>
        <line num="228" count="0" type="stmt"/>
        <line num="236" count="46" type="cond" truecount="1" falsecount="0"/>
        <line num="237" count="6" type="stmt"/>
        <line num="240" count="40" type="stmt"/>
        <line num="241" count="40" type="stmt"/>
        <line num="243" count="40" type="cond" truecount="1" falsecount="0"/>
        <line num="244" count="9" type="cond" truecount="2" falsecount="0"/>
        <line num="247" count="31" type="cond" truecount="2" falsecount="0"/>
        <line num="254" count="101" type="cond" truecount="1" falsecount="0"/>
        <line num="255" count="3" type="stmt"/>
        <line num="258" count="98" type="stmt"/>
        <line num="259" count="98" type="stmt"/>
        <line num="262" count="98" type="cond" truecount="0" falsecount="1"/>
        <line num="263" count="0" type="stmt"/>
        <line num="266" count="98" type="stmt"/>
        <line num="267" count="98" type="stmt"/>
        <line num="269" count="98" type="cond" truecount="1" falsecount="0"/>
        <line num="270" count="55" type="stmt"/>
        <line num="273" count="43" type="stmt"/>
        <line num="276" count="0" type="stmt"/>
        <line num="293" count="4" type="stmt"/>
        <line num="309" count="4" type="cond" truecount="3" falsecount="0"/>
        <line num="310" count="3" type="stmt"/>
        <line num="313" count="4" type="stmt"/>
        <line num="321" count="4" type="stmt"/>
        <line num="328" count="16" type="stmt"/>
        <line num="335" count="2" type="stmt"/>
        <line num="344" count="9" type="stmt"/>
        <line num="347" count="222" type="stmt"/>
      </file>
    </package>
    <package name="shared.types">
      <metrics statements="3" coveredstatements="1" conditionals="0" coveredconditionals="0" methods="0" coveredmethods="0"/>
      <file name="financial.ts" path="/Users/velez/dev/parking-lot-management/src/shared/types/financial.ts">
        <metrics statements="2" coveredstatements="0" conditionals="0" coveredconditionals="0" methods="0" coveredmethods="0"/>
        <line num="265" count="0" type="stmt"/>
        <line num="283" count="0" type="stmt"/>
      </file>
      <file name="hardware.ts" path="/Users/velez/dev/parking-lot-management/src/shared/types/hardware.ts">
        <metrics statements="1" coveredstatements="1" conditionals="0" coveredconditionals="0" methods="0" coveredmethods="0"/>
        <line num="96" count="4" type="stmt"/>
      </file>
    </package>
    <package name="shared.utils">
      <metrics statements="107" coveredstatements="102" conditionals="37" coveredconditionals="33" methods="37" coveredmethods="35"/>
      <file name="money.ts" path="/Users/velez/dev/parking-lot-management/src/shared/utils/money.ts">
        <metrics statements="107" coveredstatements="102" conditionals="37" coveredconditionals="33" methods="37" coveredmethods="35"/>
        <line num="7" count="4" type="stmt"/>
        <line num="10" count="4" type="stmt"/>
        <line num="19" count="4" type="stmt"/>
        <line num="23" count="4" type="stmt"/>
        <line num="24" count="4" type="stmt"/>
        <line num="25" count="4" type="stmt"/>
        <line num="26" count="4" type="stmt"/>
        <line num="29" count="206" type="cond" truecount="2" falsecount="0"/>
        <line num="30" count="1" type="stmt"/>
        <line num="32" count="205" type="stmt"/>
        <line num="34" count="205" type="stmt"/>
        <line num="41" count="205" type="cond" truecount="3" falsecount="0"/>
        <line num="42" count="2" type="stmt"/>
        <line num="45" count="203" type="cond" truecount="3" falsecount="0"/>
        <line num="46" count="2" type="stmt"/>
        <line num="49" count="201" type="cond" truecount="1" falsecount="0"/>
        <line num="50" count="2" type="stmt"/>
        <line num="54" count="199" type="cond" truecount="1" falsecount="0"/>
        <line num="55" count="3" type="stmt"/>
        <line num="63" count="27" type="stmt"/>
        <line num="64" count="27" type="cond" truecount="1" falsecount="0"/>
        <line num="65" count="1" type="stmt"/>
        <line num="67" count="26" type="stmt"/>
        <line num="74" count="16" type="stmt"/>
        <line num="75" count="16" type="cond" truecount="1" falsecount="0"/>
        <line num="76" count="1" type="stmt"/>
        <line num="78" count="15" type="stmt"/>
        <line num="85" count="14" type="cond" truecount="4" falsecount="0"/>
        <line num="86" count="1" type="stmt"/>
        <line num="88" count="13" type="stmt"/>
        <line num="89" count="13" type="stmt"/>
        <line num="96" count="2" type="cond" truecount="3" falsecount="1"/>
        <line num="97" count="0" type="stmt"/>
        <line num="99" count="2" type="stmt"/>
        <line num="100" count="2" type="cond" truecount="1" falsecount="0"/>
        <line num="101" count="1" type="stmt"/>
        <line num="103" count="1" type="stmt"/>
        <line num="104" count="1" type="stmt"/>
        <line num="111" count="1" type="stmt"/>
        <line num="118" count="2" type="stmt"/>
        <line num="122" count="8" type="stmt"/>
        <line num="126" count="0" type="stmt"/>
        <line num="130" count="7" type="stmt"/>
        <line num="134" count="0" type="stmt"/>
        <line num="138" count="4" type="stmt"/>
        <line num="142" count="2" type="stmt"/>
        <line num="149" count="2" type="cond" truecount="1" falsecount="0"/>
        <line num="150" count="1" type="stmt"/>
        <line num="152" count="1" type="stmt"/>
        <line num="159" count="3" type="cond" truecount="1" falsecount="0"/>
        <line num="160" count="1" type="stmt"/>
        <line num="163" count="2" type="cond" truecount="1" falsecount="0"/>
        <line num="164" count="1" type="stmt"/>
        <line num="172" count="1" type="stmt"/>
        <line num="173" count="1" type="stmt"/>
        <line num="174" count="1" type="stmt"/>
        <line num="176" count="1" type="stmt"/>
        <line num="177" count="14" type="stmt"/>
        <line num="178" count="14" type="stmt"/>
        <line num="179" count="14" type="cond" truecount="1" falsecount="0"/>
        <line num="180" count="9" type="stmt"/>
        <line num="181" count="9" type="stmt"/>
        <line num="185" count="1" type="stmt"/>
        <line num="192" count="1" type="stmt"/>
        <line num="204" count="1" type="stmt"/>
        <line num="211" count="2" type="stmt"/>
        <line num="218" count="5" type="stmt"/>
        <line num="225" count="69" type="stmt"/>
        <line num="232" count="36" type="stmt"/>
        <line num="239" count="1" type="stmt"/>
        <line num="246" count="9" type="stmt"/>
        <line num="250" count="1" type="stmt"/>
        <line num="254" count="1" type="stmt"/>
        <line num="262" count="2" type="stmt"/>
        <line num="265" count="2" type="cond" truecount="1" falsecount="0"/>
        <line num="266" count="1" type="stmt"/>
        <line num="269" count="1" type="stmt"/>
        <line num="276" count="3" type="stmt"/>
        <line num="277" count="3" type="stmt"/>
        <line num="278" count="1" type="stmt"/>
        <line num="280" count="2" type="stmt"/>
        <line num="288" count="8" type="stmt"/>
        <line num="295" count="1" type="cond" truecount="0" falsecount="1"/>
        <line num="296" count="0" type="stmt"/>
        <line num="298" count="2" type="cond" truecount="2" falsecount="0"/>
        <line num="305" count="1" type="cond" truecount="0" falsecount="1"/>
        <line num="306" count="0" type="stmt"/>
        <line num="308" count="2" type="cond" truecount="2" falsecount="0"/>
        <line num="315" count="4" type="stmt"/>
        <line num="327" count="3" type="stmt"/>
        <line num="328" count="3" type="stmt"/>
        <line num="330" count="3" type="cond" truecount="1" falsecount="0"/>
        <line num="331" count="1" type="stmt"/>
        <line num="342" count="2" type="stmt"/>
        <line num="343" count="2" type="stmt"/>
        <line num="344" count="2" type="stmt"/>
        <line num="345" count="2" type="stmt"/>
        <line num="347" count="2" type="stmt"/>
        <line num="368" count="2" type="stmt"/>
        <line num="369" count="2" type="stmt"/>
        <line num="370" count="2" type="stmt"/>
        <line num="372" count="2" type="stmt"/>
        <line num="378" count="2" type="stmt"/>
        <line num="379" count="2" type="stmt"/>
        <line num="380" count="2" type="stmt"/>
        <line num="382" count="2" type="stmt"/>
        <line num="386" count="4" type="stmt"/>
      </file>
    </package>
  </project>
</coverage>
