{"/Users/velez/dev/parking-lot-management/src/backend/services/printer/thermal-printer.service.ts": {"path":"/Users/velez/dev/parking-lot-management/src/backend/services/printer/thermal-printer.service.ts","statementMap":{"0":{"start":{"line":13,"column":0},"end":{"line":13,"column":93}},"1":{"start":{"line":14,"column":0},"end":{"line":14,"column":38}},"2":{"start":{"line":15,"column":0},"end":{"line":15,"column":null}},"3":{"start":{"line":24,"column":0},"end":{"line":24,"column":52}},"4":{"start":{"line":27,"column":43},"end":{"line":27,"column":47}},"5":{"start":{"line":29,"column":35},"end":{"line":29,"column":37}},"6":{"start":{"line":31,"column":52},"end":{"line":31,"column":66}},"7":{"start":{"line":32,"column":50},"end":{"line":32,"column":54}},"8":{"start":{"line":33,"column":52},"end":{"line":33,"column":56}},"9":{"start":{"line":34,"column":30},"end":{"line":34,"column":35}},"10":{"start":{"line":37,"column":4},"end":{"line":37,"column":12}},"11":{"start":{"line":39,"column":4},"end":{"line":47,"column":6}},"12":{"start":{"line":49,"column":4},"end":{"line":60,"column":6}},"13":{"start":{"line":62,"column":4},"end":{"line":62,"column":29}},"14":{"start":{"line":63,"column":4},"end":{"line":63,"column":28}},"15":{"start":{"line":70,"column":4},"end":{"line":86,"column":5}},"16":{"start":{"line":71,"column":6},"end":{"line":81,"column":9}},"17":{"start":{"line":83,"column":6},"end":{"line":83,"column":38}},"18":{"start":{"line":85,"column":6},"end":{"line":85,"column":96}},"19":{"start":{"line":93,"column":4},"end":{"line":95,"column":5}},"20":{"start":{"line":94,"column":6},"end":{"line":94,"column":19}},"21":{"start":{"line":97,"column":4},"end":{"line":97,"column":40}},"22":{"start":{"line":98,"column":4},"end":{"line":98,"column":28}},"23":{"start":{"line":100,"column":19},"end":{"line":100,"column":20}},"24":{"start":{"line":101,"column":4},"end":{"line":135,"column":5}},"25":{"start":{"line":102,"column":6},"end":{"line":134,"column":7}},"26":{"start":{"line":103,"column":8},"end":{"line":105,"column":9}},"27":{"start":{"line":104,"column":10},"end":{"line":104,"column":35}},"28":{"start":{"line":107,"column":28},"end":{"line":107,"column":68}},"29":{"start":{"line":108,"column":8},"end":{"line":123,"column":9}},"30":{"start":{"line":109,"column":10},"end":{"line":109,"column":45}},"31":{"start":{"line":110,"column":10},"end":{"line":110,"column":39}},"32":{"start":{"line":111,"column":10},"end":{"line":111,"column":36}},"33":{"start":{"line":112,"column":10},"end":{"line":112,"column":46}},"34":{"start":{"line":114,"column":10},"end":{"line":114,"column":33}},"35":{"start":{"line":115,"column":10},"end":{"line":115,"column":49}},"36":{"start":{"line":118,"column":10},"end":{"line":120,"column":11}},"37":{"start":{"line":119,"column":12},"end":{"line":119,"column":32}},"38":{"start":{"line":122,"column":10},"end":{"line":122,"column":22}},"39":{"start":{"line":125,"column":8},"end":{"line":125,"column":19}},"40":{"start":{"line":126,"column":29},"end":{"line":126,"column":120}},"41":{"start":{"line":128,"column":8},"end":{"line":133,"column":9}},"42":{"start":{"line":129,"column":10},"end":{"line":129,"column":83}},"43":{"start":{"line":130,"column":10},"end":{"line":130,"column":51}},"44":{"start":{"line":132,"column":10},"end":{"line":132,"column":80}},"45":{"start":{"line":137,"column":4},"end":{"line":137,"column":35}},"46":{"start":{"line":138,"column":4},"end":{"line":138,"column":34}},"47":{"start":{"line":139,"column":4},"end":{"line":139,"column":31}},"48":{"start":{"line":140,"column":4},"end":{"line":140,"column":30}},"49":{"start":{"line":141,"column":4},"end":{"line":141,"column":43}},"50":{"start":{"line":144,"column":4},"end":{"line":144,"column":29}},"51":{"start":{"line":145,"column":4},"end":{"line":145,"column":17}},"52":{"start":{"line":152,"column":4},"end":{"line":155,"column":5}},"53":{"start":{"line":153,"column":6},"end":{"line":153,"column":40}},"54":{"start":{"line":154,"column":6},"end":{"line":154,"column":33}},"55":{"start":{"line":157,"column":4},"end":{"line":157,"column":42}},"56":{"start":{"line":158,"column":4},"end":{"line":158,"column":34}},"57":{"start":{"line":159,"column":4},"end":{"line":159,"column":31}},"58":{"start":{"line":160,"column":4},"end":{"line":160,"column":40}},"59":{"start":{"line":162,"column":4},"end":{"line":162,"column":30}},"60":{"start":{"line":163,"column":4},"end":{"line":163,"column":43}},"61":{"start":{"line":170,"column":20},"end":{"line":170,"column":55}},"62":{"start":{"line":171,"column":4},"end":{"line":179,"column":7}},"63":{"start":{"line":186,"column":20},"end":{"line":186,"column":58}},"64":{"start":{"line":187,"column":4},"end":{"line":195,"column":7}},"65":{"start":{"line":202,"column":20},"end":{"line":202,"column":61}},"66":{"start":{"line":203,"column":4},"end":{"line":211,"column":7}},"67":{"start":{"line":218,"column":20},"end":{"line":218,"column":58}},"68":{"start":{"line":219,"column":4},"end":{"line":227,"column":7}},"69":{"start":{"line":234,"column":20},"end":{"line":234,"column":44}},"70":{"start":{"line":235,"column":4},"end":{"line":243,"column":7}},"71":{"start":{"line":250,"column":28},"end":{"line":250,"column":30}},"72":{"start":{"line":253,"column":4},"end":{"line":253,"column":68}},"73":{"start":{"line":254,"column":4},"end":{"line":254,"column":65}},"74":{"start":{"line":255,"column":4},"end":{"line":255,"column":64}},"75":{"start":{"line":256,"column":4},"end":{"line":256,"column":68}},"76":{"start":{"line":257,"column":4},"end":{"line":257,"column":19}},"77":{"start":{"line":260,"column":4},"end":{"line":260,"column":79}},"78":{"start":{"line":261,"column":4},"end":{"line":261,"column":76}},"79":{"start":{"line":262,"column":4},"end":{"line":262,"column":19}},"80":{"start":{"line":265,"column":4},"end":{"line":267,"column":8}},"81":{"start":{"line":268,"column":4},"end":{"line":268,"column":19}},"82":{"start":{"line":271,"column":4},"end":{"line":271,"column":65}},"83":{"start":{"line":272,"column":4},"end":{"line":272,"column":60}},"84":{"start":{"line":273,"column":4},"end":{"line":273,"column":19}},"85":{"start":{"line":276,"column":4},"end":{"line":276,"column":69}},"86":{"start":{"line":277,"column":4},"end":{"line":277,"column":19}},"87":{"start":{"line":280,"column":4},"end":{"line":280,"column":68}},"88":{"start":{"line":281,"column":4},"end":{"line":281,"column":65}},"89":{"start":{"line":283,"column":4},"end":{"line":283,"column":65}},"90":{"start":{"line":290,"column":28},"end":{"line":290,"column":30}},"91":{"start":{"line":293,"column":4},"end":{"line":293,"column":68}},"92":{"start":{"line":294,"column":4},"end":{"line":294,"column":65}},"93":{"start":{"line":295,"column":4},"end":{"line":295,"column":67}},"94":{"start":{"line":296,"column":4},"end":{"line":296,"column":68}},"95":{"start":{"line":297,"column":4},"end":{"line":297,"column":19}},"96":{"start":{"line":300,"column":4},"end":{"line":300,"column":79}},"97":{"start":{"line":301,"column":4},"end":{"line":301,"column":76}},"98":{"start":{"line":302,"column":4},"end":{"line":302,"column":19}},"99":{"start":{"line":305,"column":4},"end":{"line":307,"column":8}},"100":{"start":{"line":308,"column":4},"end":{"line":310,"column":8}},"101":{"start":{"line":313,"column":21},"end":{"line":313,"column":63}},"102":{"start":{"line":314,"column":4},"end":{"line":314,"column":59}},"103":{"start":{"line":315,"column":4},"end":{"line":315,"column":19}},"104":{"start":{"line":318,"column":4},"end":{"line":320,"column":8}},"105":{"start":{"line":321,"column":4},"end":{"line":323,"column":8}},"106":{"start":{"line":325,"column":4},"end":{"line":329,"column":5}},"107":{"start":{"line":326,"column":6},"end":{"line":328,"column":10}},"108":{"start":{"line":330,"column":4},"end":{"line":330,"column":19}},"109":{"start":{"line":333,"column":4},"end":{"line":333,"column":68}},"110":{"start":{"line":334,"column":4},"end":{"line":334,"column":62}},"111":{"start":{"line":335,"column":4},"end":{"line":335,"column":65}},"112":{"start":{"line":337,"column":4},"end":{"line":337,"column":65}},"113":{"start":{"line":344,"column":28},"end":{"line":344,"column":30}},"114":{"start":{"line":347,"column":4},"end":{"line":347,"column":68}},"115":{"start":{"line":348,"column":4},"end":{"line":348,"column":65}},"116":{"start":{"line":349,"column":4},"end":{"line":349,"column":63}},"117":{"start":{"line":350,"column":4},"end":{"line":350,"column":68}},"118":{"start":{"line":351,"column":4},"end":{"line":351,"column":19}},"119":{"start":{"line":354,"column":4},"end":{"line":354,"column":76}},"120":{"start":{"line":355,"column":4},"end":{"line":355,"column":46}},"121":{"start":{"line":356,"column":4},"end":{"line":356,"column":19}},"122":{"start":{"line":359,"column":4},"end":{"line":361,"column":8}},"123":{"start":{"line":362,"column":4},"end":{"line":364,"column":8}},"124":{"start":{"line":366,"column":4},"end":{"line":370,"column":5}},"125":{"start":{"line":367,"column":6},"end":{"line":369,"column":10}},"126":{"start":{"line":371,"column":4},"end":{"line":371,"column":19}},"127":{"start":{"line":374,"column":4},"end":{"line":374,"column":62}},"128":{"start":{"line":375,"column":4},"end":{"line":375,"column":65}},"129":{"start":{"line":377,"column":4},"end":{"line":377,"column":65}},"130":{"start":{"line":384,"column":28},"end":{"line":384,"column":30}},"131":{"start":{"line":387,"column":4},"end":{"line":387,"column":68}},"132":{"start":{"line":388,"column":4},"end":{"line":388,"column":65}},"133":{"start":{"line":389,"column":4},"end":{"line":389,"column":67}},"134":{"start":{"line":390,"column":4},"end":{"line":390,"column":68}},"135":{"start":{"line":391,"column":4},"end":{"line":391,"column":19}},"136":{"start":{"line":394,"column":4},"end":{"line":396,"column":5}},"137":{"start":{"line":395,"column":6},"end":{"line":395,"column":79}},"138":{"start":{"line":397,"column":4},"end":{"line":397,"column":76}},"139":{"start":{"line":398,"column":4},"end":{"line":398,"column":19}},"140":{"start":{"line":401,"column":4},"end":{"line":401,"column":50}},"141":{"start":{"line":402,"column":4},"end":{"line":404,"column":8}},"142":{"start":{"line":406,"column":4},"end":{"line":410,"column":5}},"143":{"start":{"line":407,"column":6},"end":{"line":409,"column":10}},"144":{"start":{"line":411,"column":4},"end":{"line":411,"column":19}},"145":{"start":{"line":414,"column":4},"end":{"line":414,"column":62}},"146":{"start":{"line":415,"column":4},"end":{"line":415,"column":66}},"147":{"start":{"line":417,"column":4},"end":{"line":417,"column":65}},"148":{"start":{"line":424,"column":28},"end":{"line":424,"column":30}},"149":{"start":{"line":426,"column":4},"end":{"line":426,"column":68}},"150":{"start":{"line":427,"column":4},"end":{"line":427,"column":63}},"151":{"start":{"line":428,"column":4},"end":{"line":428,"column":68}},"152":{"start":{"line":429,"column":4},"end":{"line":429,"column":19}},"153":{"start":{"line":430,"column":4},"end":{"line":430,"column":53}},"154":{"start":{"line":431,"column":4},"end":{"line":431,"column":48}},"155":{"start":{"line":432,"column":4},"end":{"line":432,"column":19}},"156":{"start":{"line":433,"column":4},"end":{"line":433,"column":68}},"157":{"start":{"line":435,"column":4},"end":{"line":435,"column":65}},"158":{"start":{"line":442,"column":20},"end":{"line":442,"column":87}},"159":{"start":{"line":443,"column":4},"end":{"line":443,"column":38}},"160":{"start":{"line":451,"column":4},"end":{"line":454,"column":5}},"161":{"start":{"line":452,"column":6},"end":{"line":452,"column":79}},"162":{"start":{"line":453,"column":6},"end":{"line":453,"column":19}},"163":{"start":{"line":456,"column":4},"end":{"line":456,"column":30}},"164":{"start":{"line":457,"column":4},"end":{"line":457,"column":53}},"165":{"start":{"line":458,"column":4},"end":{"line":458,"column":32}},"166":{"start":{"line":459,"column":4},"end":{"line":459,"column":43}},"167":{"start":{"line":462,"column":4},"end":{"line":464,"column":5}},"168":{"start":{"line":463,"column":6},"end":{"line":463,"column":26}},"169":{"start":{"line":466,"column":4},"end":{"line":466,"column":16}},"170":{"start":{"line":473,"column":4},"end":{"line":475,"column":5}},"171":{"start":{"line":474,"column":6},"end":{"line":474,"column":13}},"172":{"start":{"line":477,"column":4},"end":{"line":477,"column":34}},"173":{"start":{"line":478,"column":4},"end":{"line":478,"column":40}},"174":{"start":{"line":480,"column":4},"end":{"line":513,"column":5}},"175":{"start":{"line":481,"column":18},"end":{"line":481,"column":42}},"176":{"start":{"line":482,"column":6},"end":{"line":482,"column":30}},"177":{"start":{"line":483,"column":6},"end":{"line":483,"column":35}},"178":{"start":{"line":485,"column":6},"end":{"line":509,"column":7}},"179":{"start":{"line":486,"column":24},"end":{"line":486,"column":50}},"180":{"start":{"line":487,"column":8},"end":{"line":503,"column":9}},"181":{"start":{"line":488,"column":10},"end":{"line":488,"column":35}},"182":{"start":{"line":489,"column":10},"end":{"line":489,"column":39}},"183":{"start":{"line":490,"column":10},"end":{"line":490,"column":41}},"184":{"start":{"line":492,"column":10},"end":{"line":492,"column":25}},"185":{"start":{"line":493,"column":10},"end":{"line":502,"column":11}},"186":{"start":{"line":494,"column":12},"end":{"line":494,"column":35}},"187":{"start":{"line":495,"column":12},"end":{"line":495,"column":41}},"188":{"start":{"line":496,"column":12},"end":{"line":496,"column":41}},"189":{"start":{"line":497,"column":12},"end":{"line":497,"column":39}},"190":{"start":{"line":499,"column":12},"end":{"line":499,"column":34}},"191":{"start":{"line":500,"column":12},"end":{"line":500,"column":37}},"192":{"start":{"line":501,"column":12},"end":{"line":501,"column":40}},"193":{"start":{"line":505,"column":8},"end":{"line":505,"column":30}},"194":{"start":{"line":506,"column":8},"end":{"line":506,"column":75}},"195":{"start":{"line":507,"column":8},"end":{"line":507,"column":33}},"196":{"start":{"line":508,"column":8},"end":{"line":508,"column":36}},"197":{"start":{"line":511,"column":6},"end":{"line":511,"column":55}},"198":{"start":{"line":512,"column":6},"end":{"line":512,"column":45}},"199":{"start":{"line":515,"column":4},"end":{"line":515,"column":35}},"200":{"start":{"line":516,"column":4},"end":{"line":516,"column":42}},"201":{"start":{"line":523,"column":4},"end":{"line":525,"column":5}},"202":{"start":{"line":524,"column":6},"end":{"line":524,"column":19}},"203":{"start":{"line":527,"column":4},"end":{"line":555,"column":5}},"204":{"start":{"line":529,"column":6},"end":{"line":529,"column":27}},"205":{"start":{"line":532,"column":6},"end":{"line":532,"column":60}},"206":{"start":{"line":535,"column":6},"end":{"line":535,"column":40}},"207":{"start":{"line":538,"column":6},"end":{"line":540,"column":7}},"208":{"start":{"line":538,"column":19},"end":{"line":538,"column":20}},"209":{"start":{"line":539,"column":8},"end":{"line":539,"column":31}},"210":{"start":{"line":543,"column":22},"end":{"line":543,"column":50}},"211":{"start":{"line":545,"column":6},"end":{"line":551,"column":7}},"212":{"start":{"line":546,"column":8},"end":{"line":546,"column":43}},"213":{"start":{"line":547,"column":8},"end":{"line":547,"column":20}},"214":{"start":{"line":549,"column":8},"end":{"line":549,"column":85}},"215":{"start":{"line":550,"column":8},"end":{"line":550,"column":21}},"216":{"start":{"line":553,"column":6},"end":{"line":553,"column":96}},"217":{"start":{"line":554,"column":6},"end":{"line":554,"column":19}},"218":{"start":{"line":562,"column":4},"end":{"line":562,"column":30}},"219":{"start":{"line":569,"column":4},"end":{"line":569,"column":32}},"220":{"start":{"line":576,"column":4},"end":{"line":576,"column":25}},"221":{"start":{"line":577,"column":4},"end":{"line":577,"column":32}},"222":{"start":{"line":578,"column":4},"end":{"line":578,"column":30}},"223":{"start":{"line":579,"column":4},"end":{"line":579,"column":43}},"224":{"start":{"line":586,"column":41},"end":{"line":593,"column":6}},"225":{"start":{"line":595,"column":4},"end":{"line":595,"column":36}},"226":{"start":{"line":596,"column":4},"end":{"line":596,"column":40}},"227":{"start":{"line":598,"column":4},"end":{"line":598,"column":38}},"228":{"start":{"line":599,"column":4},"end":{"line":599,"column":43}},"229":{"start":{"line":606,"column":4},"end":{"line":608,"column":5}},"230":{"start":{"line":607,"column":6},"end":{"line":607,"column":40}},"231":{"start":{"line":610,"column":4},"end":{"line":612,"column":31}},"232":{"start":{"line":611,"column":6},"end":{"line":611,"column":21}},"233":{"start":{"line":619,"column":4},"end":{"line":621,"column":49}},"234":{"start":{"line":620,"column":6},"end":{"line":620,"column":32}},"235":{"start":{"line":628,"column":4},"end":{"line":630,"column":5}},"236":{"start":{"line":629,"column":6},"end":{"line":629,"column":13}},"237":{"start":{"line":632,"column":4},"end":{"line":643,"column":5}},"238":{"start":{"line":633,"column":26},"end":{"line":633,"column":65}},"239":{"start":{"line":634,"column":6},"end":{"line":640,"column":7}},"240":{"start":{"line":635,"column":8},"end":{"line":635,"column":38}},"241":{"start":{"line":636,"column":8},"end":{"line":636,"column":35}},"242":{"start":{"line":637,"column":8},"end":{"line":637,"column":39}},"243":{"start":{"line":638,"column":8},"end":{"line":638,"column":34}},"244":{"start":{"line":639,"column":8},"end":{"line":639,"column":33}},"245":{"start":{"line":642,"column":6},"end":{"line":642,"column":104}},"246":{"start":{"line":645,"column":4},"end":{"line":645,"column":40}},"247":{"start":{"line":646,"column":4},"end":{"line":646,"column":43}},"248":{"start":{"line":653,"column":4},"end":{"line":653,"column":59}},"249":{"start":{"line":653,"column":34},"end":{"line":653,"column":57}},"250":{"start":{"line":660,"column":4},"end":{"line":662,"column":5}},"251":{"start":{"line":661,"column":6},"end":{"line":661,"column":40}},"252":{"start":{"line":664,"column":4},"end":{"line":666,"column":5}},"253":{"start":{"line":665,"column":6},"end":{"line":665,"column":43}},"254":{"start":{"line":668,"column":4},"end":{"line":668,"column":22}},"255":{"start":{"line":669,"column":4},"end":{"line":669,"column":30}},"256":{"start":{"line":26,"column":0},"end":{"line":26,"column":13}}},"fnMap":{"0":{"name":"(anonymous_0)","decl":{"start":{"line":36,"column":2},"end":{"line":36,"column":14}},"loc":{"start":{"line":36,"column":45},"end":{"line":64,"column":3}}},"1":{"name":"(anonymous_1)","decl":{"start":{"line":69,"column":10},"end":{"line":69,"column":27}},"loc":{"start":{"line":69,"column":27},"end":{"line":87,"column":3}}},"2":{"name":"(anonymous_2)","decl":{"start":{"line":92,"column":9},"end":{"line":92,"column":14}},"loc":{"start":{"line":92,"column":22},"end":{"line":146,"column":3}}},"3":{"name":"(anonymous_3)","decl":{"start":{"line":151,"column":9},"end":{"line":151,"column":14}},"loc":{"start":{"line":151,"column":25},"end":{"line":164,"column":3}}},"4":{"name":"(anonymous_4)","decl":{"start":{"line":169,"column":9},"end":{"line":169,"column":14}},"loc":{"start":{"line":169,"column":56},"end":{"line":180,"column":3}}},"5":{"name":"(anonymous_5)","decl":{"start":{"line":185,"column":9},"end":{"line":185,"column":14}},"loc":{"start":{"line":185,"column":59},"end":{"line":196,"column":3}}},"6":{"name":"(anonymous_6)","decl":{"start":{"line":201,"column":9},"end":{"line":201,"column":14}},"loc":{"start":{"line":201,"column":62},"end":{"line":212,"column":3}}},"7":{"name":"(anonymous_7)","decl":{"start":{"line":217,"column":9},"end":{"line":217,"column":14}},"loc":{"start":{"line":217,"column":59},"end":{"line":228,"column":3}}},"8":{"name":"(anonymous_8)","decl":{"start":{"line":233,"column":9},"end":{"line":233,"column":14}},"loc":{"start":{"line":233,"column":31},"end":{"line":244,"column":3}}},"9":{"name":"(anonymous_9)","decl":{"start":{"line":249,"column":10},"end":{"line":249,"column":27}},"loc":{"start":{"line":249,"column":45},"end":{"line":284,"column":3}}},"10":{"name":"(anonymous_10)","decl":{"start":{"line":289,"column":10},"end":{"line":289,"column":30}},"loc":{"start":{"line":289,"column":48},"end":{"line":338,"column":3}}},"11":{"name":"(anonymous_11)","decl":{"start":{"line":343,"column":10},"end":{"line":343,"column":33}},"loc":{"start":{"line":343,"column":51},"end":{"line":378,"column":3}}},"12":{"name":"(anonymous_12)","decl":{"start":{"line":383,"column":10},"end":{"line":383,"column":30}},"loc":{"start":{"line":383,"column":48},"end":{"line":418,"column":3}}},"13":{"name":"(anonymous_13)","decl":{"start":{"line":423,"column":10},"end":{"line":423,"column":27}},"loc":{"start":{"line":423,"column":27},"end":{"line":436,"column":3}}},"14":{"name":"(anonymous_14)","decl":{"start":{"line":441,"column":10},"end":{"line":441,"column":20}},"loc":{"start":{"line":441,"column":33},"end":{"line":444,"column":3}}},"15":{"name":"(anonymous_15)","decl":{"start":{"line":449,"column":10},"end":{"line":449,"column":15}},"loc":{"start":{"line":449,"column":45},"end":{"line":467,"column":3}}},"16":{"name":"(anonymous_16)","decl":{"start":{"line":472,"column":10},"end":{"line":472,"column":15}},"loc":{"start":{"line":472,"column":28},"end":{"line":517,"column":3}}},"17":{"name":"(anonymous_17)","decl":{"start":{"line":522,"column":10},"end":{"line":522,"column":15}},"loc":{"start":{"line":522,"column":40},"end":{"line":556,"column":3}}},"18":{"name":"(anonymous_18)","decl":{"start":{"line":561,"column":9},"end":{"line":561,"column":18}},"loc":{"start":{"line":561,"column":18},"end":{"line":563,"column":3}}},"19":{"name":"(anonymous_19)","decl":{"start":{"line":568,"column":9},"end":{"line":568,"column":17}},"loc":{"start":{"line":568,"column":17},"end":{"line":570,"column":3}}},"20":{"name":"(anonymous_20)","decl":{"start":{"line":575,"column":9},"end":{"line":575,"column":19}},"loc":{"start":{"line":575,"column":19},"end":{"line":580,"column":3}}},"21":{"name":"(anonymous_21)","decl":{"start":{"line":585,"column":10},"end":{"line":585,"column":21}},"loc":{"start":{"line":585,"column":96},"end":{"line":600,"column":3}}},"22":{"name":"(anonymous_22)","decl":{"start":{"line":605,"column":10},"end":{"line":605,"column":27}},"loc":{"start":{"line":605,"column":27},"end":{"line":613,"column":3}}},"23":{"name":"(anonymous_23)","decl":{"start":{"line":610,"column":37},"end":{"line":610,"column":40}},"loc":{"start":{"line":610,"column":42},"end":{"line":612,"column":5}}},"24":{"name":"(anonymous_24)","decl":{"start":{"line":618,"column":10},"end":{"line":618,"column":26}},"loc":{"start":{"line":618,"column":26},"end":{"line":622,"column":3}}},"25":{"name":"(anonymous_25)","decl":{"start":{"line":619,"column":40},"end":{"line":619,"column":43}},"loc":{"start":{"line":619,"column":45},"end":{"line":621,"column":5}}},"26":{"name":"(anonymous_26)","decl":{"start":{"line":627,"column":10},"end":{"line":627,"column":15}},"loc":{"start":{"line":627,"column":34},"end":{"line":647,"column":3}}},"27":{"name":"(anonymous_27)","decl":{"start":{"line":652,"column":10},"end":{"line":652,"column":15}},"loc":{"start":{"line":652,"column":26},"end":{"line":654,"column":3}}},"28":{"name":"(anonymous_28)","decl":{"start":{"line":653,"column":23},"end":{"line":653,"column":30}},"loc":{"start":{"line":653,"column":34},"end":{"line":653,"column":57}}},"29":{"name":"(anonymous_29)","decl":{"start":{"line":659,"column":9},"end":{"line":659,"column":16}},"loc":{"start":{"line":659,"column":16},"end":{"line":670,"column":3}}}},"branchMap":{"0":{"loc":{"start":{"line":40,"column":12},"end":{"line":40,"column":67}},"type":"binary-expr","locations":[{"start":{"line":40,"column":12},"end":{"line":40,"column":24}},{"start":{"line":40,"column":28},"end":{"line":40,"column":67}}]},"1":{"loc":{"start":{"line":41,"column":12},"end":{"line":41,"column":67}},"type":"binary-expr","locations":[{"start":{"line":41,"column":12},"end":{"line":41,"column":24}},{"start":{"line":41,"column":28},"end":{"line":41,"column":67}}]},"2":{"loc":{"start":{"line":42,"column":15},"end":{"line":42,"column":76}},"type":"binary-expr","locations":[{"start":{"line":42,"column":15},"end":{"line":42,"column":30}},{"start":{"line":42,"column":34},"end":{"line":42,"column":76}}]},"3":{"loc":{"start":{"line":43,"column":21},"end":{"line":43,"column":95}},"type":"binary-expr","locations":[{"start":{"line":43,"column":21},"end":{"line":43,"column":42}},{"start":{"line":43,"column":46},"end":{"line":43,"column":95}}]},"4":{"loc":{"start":{"line":44,"column":18},"end":{"line":44,"column":86}},"type":"binary-expr","locations":[{"start":{"line":44,"column":18},"end":{"line":44,"column":36}},{"start":{"line":44,"column":40},"end":{"line":44,"column":86}}]},"5":{"loc":{"start":{"line":45,"column":18},"end":{"line":45,"column":83}},"type":"binary-expr","locations":[{"start":{"line":45,"column":18},"end":{"line":45,"column":36}},{"start":{"line":45,"column":40},"end":{"line":45,"column":83}}]},"6":{"loc":{"start":{"line":46,"column":16},"end":{"line":46,"column":71}},"type":"binary-expr","locations":[{"start":{"line":46,"column":16},"end":{"line":46,"column":32}},{"start":{"line":46,"column":36},"end":{"line":46,"column":71}}]},"7":{"loc":{"start":{"line":93,"column":4},"end":{"line":95,"column":5}},"type":"if","locations":[{"start":{"line":93,"column":4},"end":{"line":95,"column":5}}]},"8":{"loc":{"start":{"line":103,"column":8},"end":{"line":105,"column":9}},"type":"if","locations":[{"start":{"line":103,"column":8},"end":{"line":105,"column":9}}]},"9":{"loc":{"start":{"line":108,"column":8},"end":{"line":123,"column":9}},"type":"if","locations":[{"start":{"line":108,"column":8},"end":{"line":123,"column":9}}]},"10":{"loc":{"start":{"line":118,"column":10},"end":{"line":120,"column":11}},"type":"if","locations":[{"start":{"line":118,"column":10},"end":{"line":120,"column":11}}]},"11":{"loc":{"start":{"line":128,"column":8},"end":{"line":133,"column":9}},"type":"if","locations":[{"start":{"line":128,"column":8},"end":{"line":133,"column":9}},{"start":{"line":131,"column":15},"end":{"line":133,"column":9}}]},"12":{"loc":{"start":{"line":152,"column":4},"end":{"line":155,"column":5}},"type":"if","locations":[{"start":{"line":152,"column":4},"end":{"line":155,"column":5}}]},"13":{"loc":{"start":{"line":325,"column":4},"end":{"line":329,"column":5}},"type":"if","locations":[{"start":{"line":325,"column":4},"end":{"line":329,"column":5}}]},"14":{"loc":{"start":{"line":325,"column":8},"end":{"line":325,"column":38}},"type":"binary-expr","locations":[{"start":{"line":325,"column":8},"end":{"line":325,"column":19}},{"start":{"line":325,"column":23},"end":{"line":325,"column":38}}]},"15":{"loc":{"start":{"line":366,"column":4},"end":{"line":370,"column":5}},"type":"if","locations":[{"start":{"line":366,"column":4},"end":{"line":370,"column":5}}]},"16":{"loc":{"start":{"line":366,"column":8},"end":{"line":366,"column":38}},"type":"binary-expr","locations":[{"start":{"line":366,"column":8},"end":{"line":366,"column":19}},{"start":{"line":366,"column":23},"end":{"line":366,"column":38}}]},"17":{"loc":{"start":{"line":394,"column":4},"end":{"line":396,"column":5}},"type":"if","locations":[{"start":{"line":394,"column":4},"end":{"line":396,"column":5}}]},"18":{"loc":{"start":{"line":406,"column":4},"end":{"line":410,"column":5}},"type":"if","locations":[{"start":{"line":406,"column":4},"end":{"line":410,"column":5}}]},"19":{"loc":{"start":{"line":451,"column":4},"end":{"line":454,"column":5}},"type":"if","locations":[{"start":{"line":451,"column":4},"end":{"line":454,"column":5}}]},"20":{"loc":{"start":{"line":462,"column":4},"end":{"line":464,"column":5}},"type":"if","locations":[{"start":{"line":462,"column":4},"end":{"line":464,"column":5}}]},"21":{"loc":{"start":{"line":462,"column":8},"end":{"line":462,"column":56}},"type":"binary-expr","locations":[{"start":{"line":462,"column":8},"end":{"line":462,"column":29}},{"start":{"line":462,"column":33},"end":{"line":462,"column":56}}]},"22":{"loc":{"start":{"line":473,"column":4},"end":{"line":475,"column":5}},"type":"if","locations":[{"start":{"line":473,"column":4},"end":{"line":475,"column":5}}]},"23":{"loc":{"start":{"line":473,"column":8},"end":{"line":473,"column":88}},"type":"binary-expr","locations":[{"start":{"line":473,"column":8},"end":{"line":473,"column":30}},{"start":{"line":473,"column":34},"end":{"line":473,"column":56}},{"start":{"line":473,"column":60},"end":{"line":473,"column":88}}]},"24":{"loc":{"start":{"line":480,"column":11},"end":{"line":480,"column":62}},"type":"binary-expr","locations":[{"start":{"line":480,"column":11},"end":{"line":480,"column":37}},{"start":{"line":480,"column":41},"end":{"line":480,"column":62}}]},"25":{"loc":{"start":{"line":487,"column":8},"end":{"line":503,"column":9}},"type":"if","locations":[{"start":{"line":487,"column":8},"end":{"line":503,"column":9}},{"start":{"line":491,"column":15},"end":{"line":503,"column":9}}]},"26":{"loc":{"start":{"line":493,"column":10},"end":{"line":502,"column":11}},"type":"if","locations":[{"start":{"line":493,"column":10},"end":{"line":502,"column":11}},{"start":{"line":498,"column":17},"end":{"line":502,"column":11}}]},"27":{"loc":{"start":{"line":506,"column":20},"end":{"line":506,"column":74}},"type":"cond-expr","locations":[{"start":{"line":506,"column":45},"end":{"line":506,"column":58}},{"start":{"line":506,"column":61},"end":{"line":506,"column":74}}]},"28":{"loc":{"start":{"line":523,"column":4},"end":{"line":525,"column":5}},"type":"if","locations":[{"start":{"line":523,"column":4},"end":{"line":525,"column":5}}]},"29":{"loc":{"start":{"line":523,"column":8},"end":{"line":523,"column":47}},"type":"binary-expr","locations":[{"start":{"line":523,"column":8},"end":{"line":523,"column":21}},{"start":{"line":523,"column":25},"end":{"line":523,"column":47}}]},"30":{"loc":{"start":{"line":545,"column":6},"end":{"line":551,"column":7}},"type":"if","locations":[{"start":{"line":545,"column":6},"end":{"line":551,"column":7}},{"start":{"line":548,"column":13},"end":{"line":551,"column":7}}]},"31":{"loc":{"start":{"line":591,"column":15},"end":{"line":591,"column":67}},"type":"cond-expr","locations":[{"start":{"line":591,"column":23},"end":{"line":591,"column":55}},{"start":{"line":591,"column":58},"end":{"line":591,"column":67}}]},"32":{"loc":{"start":{"line":606,"column":4},"end":{"line":608,"column":5}},"type":"if","locations":[{"start":{"line":606,"column":4},"end":{"line":608,"column":5}}]},"33":{"loc":{"start":{"line":628,"column":4},"end":{"line":630,"column":5}},"type":"if","locations":[{"start":{"line":628,"column":4},"end":{"line":630,"column":5}}]},"34":{"loc":{"start":{"line":628,"column":8},"end":{"line":628,"column":47}},"type":"binary-expr","locations":[{"start":{"line":628,"column":8},"end":{"line":628,"column":21}},{"start":{"line":628,"column":25},"end":{"line":628,"column":47}}]},"35":{"loc":{"start":{"line":634,"column":6},"end":{"line":640,"column":7}},"type":"if","locations":[{"start":{"line":634,"column":6},"end":{"line":640,"column":7}}]},"36":{"loc":{"start":{"line":634,"column":10},"end":{"line":634,"column":47}},"type":"binary-expr","locations":[{"start":{"line":634,"column":10},"end":{"line":634,"column":22}},{"start":{"line":634,"column":26},"end":{"line":634,"column":47}}]},"37":{"loc":{"start":{"line":660,"column":4},"end":{"line":662,"column":5}},"type":"if","locations":[{"start":{"line":660,"column":4},"end":{"line":662,"column":5}}]},"38":{"loc":{"start":{"line":664,"column":4},"end":{"line":666,"column":5}},"type":"if","locations":[{"start":{"line":664,"column":4},"end":{"line":666,"column":5}}]}},"s":{"0":4,"1":4,"2":4,"3":4,"4":69,"5":69,"6":69,"7":69,"8":69,"9":69,"10":69,"11":69,"12":69,"13":69,"14":69,"15":69,"16":69,"17":69,"18":0,"19":55,"20":0,"21":55,"22":55,"23":55,"24":55,"25":66,"26":66,"27":0,"28":66,"29":49,"30":49,"31":49,"32":49,"33":49,"34":49,"35":49,"36":49,"37":1,"38":49,"39":17,"40":17,"41":17,"42":11,"43":11,"44":6,"45":6,"46":6,"47":6,"48":6,"49":6,"50":6,"51":6,"52":72,"53":9,"54":9,"55":72,"56":72,"57":72,"58":72,"59":72,"60":72,"61":6,"62":6,"63":14,"64":14,"65":3,"66":3,"67":2,"68":2,"69":126,"70":126,"71":6,"72":6,"73":6,"74":6,"75":6,"76":6,"77":6,"78":6,"79":6,"80":6,"81":6,"82":6,"83":6,"84":6,"85":6,"86":6,"87":6,"88":6,"89":6,"90":14,"91":14,"92":14,"93":14,"94":14,"95":14,"96":14,"97":14,"98":14,"99":14,"100":14,"101":14,"102":14,"103":14,"104":14,"105":14,"106":14,"107":14,"108":14,"109":14,"110":14,"111":14,"112":14,"113":3,"114":3,"115":3,"116":3,"117":3,"118":3,"119":3,"120":3,"121":3,"122":3,"123":3,"124":3,"125":3,"126":3,"127":3,"128":3,"129":3,"130":2,"131":2,"132":2,"133":2,"134":2,"135":2,"136":2,"137":2,"138":2,"139":2,"140":2,"141":2,"142":2,"143":2,"144":2,"145":2,"146":2,"147":2,"148":126,"149":126,"150":126,"151":126,"152":126,"153":126,"154":126,"155":126,"156":126,"157":126,"158":722,"159":722,"160":151,"161":5,"162":5,"163":146,"164":146,"165":146,"166":146,"167":146,"168":32,"169":146,"170":33,"171":0,"172":33,"173":33,"174":33,"175":48,"176":48,"177":48,"178":48,"179":48,"180":44,"181":29,"182":29,"183":29,"184":15,"185":15,"186":12,"187":12,"188":12,"189":12,"190":3,"191":3,"192":3,"193":4,"194":4,"195":4,"196":4,"197":48,"198":48,"199":33,"200":33,"201":48,"202":0,"203":48,"204":48,"205":48,"206":48,"207":48,"208":48,"209":144,"210":48,"211":29,"212":29,"213":29,"214":0,"215":0,"216":19,"217":15,"218":20,"219":1,"220":2,"221":2,"222":2,"223":2,"224":30,"225":30,"226":30,"227":30,"228":26,"229":9,"230":0,"231":9,"232":1,"233":69,"234":0,"235":3,"236":0,"237":3,"238":3,"239":3,"240":3,"241":3,"242":3,"243":3,"244":3,"245":0,"246":3,"247":3,"248":11,"249":11,"250":70,"251":9,"252":70,"253":70,"254":70,"255":70,"256":4},"f":{"0":69,"1":69,"2":55,"3":72,"4":6,"5":14,"6":3,"7":2,"8":126,"9":6,"10":14,"11":3,"12":2,"13":126,"14":722,"15":151,"16":33,"17":48,"18":20,"19":1,"20":2,"21":30,"22":9,"23":1,"24":69,"25":0,"26":3,"27":11,"28":11,"29":70},"b":{"0":[69,48],"1":[69,48],"2":[69,21],"3":[69,28],"4":[69,21],"5":[69,46],"6":[69,49],"7":[0],"8":[0],"9":[49],"10":[1],"11":[11,6],"12":[9],"13":[14],"14":[14,14],"15":[3],"16":[3,3],"17":[2],"18":[2],"19":[5],"20":[32],"21":[146,36],"22":[0],"23":[33,33,33],"24":[81,48],"25":[29,15],"26":[12,3],"27":[0,4],"28":[0],"29":[48,48],"30":[29,0],"31":[25,5],"32":[0],"33":[0],"34":[3,3],"35":[3],"36":[3,3],"37":[9],"38":[70]}}
,"/Users/velez/dev/parking-lot-management/src/shared/localization/es-MX.ts": {"path":"/Users/velez/dev/parking-lot-management/src/shared/localization/es-MX.ts","statementMap":{"0":{"start":{"line":7,"column":13},"end":{"line":180,"column":14}}},"fnMap":{},"branchMap":{},"s":{"0":9},"f":{},"b":{}}
,"/Users/velez/dev/parking-lot-management/src/shared/localization/i18n.ts": {"path":"/Users/velez/dev/parking-lot-management/src/shared/localization/i18n.ts","statementMap":{"0":{"start":{"line":2,"column":0},"end":{"line":2,"column":31}},"1":{"start":{"line":21,"column":6},"end":{"line":21,"column":8}},"2":{"start":{"line":24,"column":4},"end":{"line":31,"column":6}},"3":{"start":{"line":32,"column":4},"end":{"line":32,"column":29}},"4":{"start":{"line":33,"column":4},"end":{"line":33,"column":38}},"5":{"start":{"line":36,"column":4},"end":{"line":36,"column":32}},"6":{"start":{"line":40,"column":4},"end":{"line":45,"column":7}},"7":{"start":{"line":47,"column":4},"end":{"line":47,"column":60}},"8":{"start":{"line":49,"column":4},"end":{"line":54,"column":7}},"9":{"start":{"line":56,"column":4},"end":{"line":61,"column":7}},"10":{"start":{"line":63,"column":4},"end":{"line":71,"column":7}},"11":{"start":{"line":75,"column":4},"end":{"line":77,"column":5}},"12":{"start":{"line":76,"column":6},"end":{"line":76,"column":33}},"13":{"start":{"line":78,"column":4},"end":{"line":78,"column":25}},"14":{"start":{"line":87,"column":21},"end":{"line":87,"column":84}},"15":{"start":{"line":90,"column":4},"end":{"line":92,"column":5}},"16":{"start":{"line":91,"column":6},"end":{"line":91,"column":50}},"17":{"start":{"line":95,"column":4},"end":{"line":97,"column":5}},"18":{"start":{"line":96,"column":6},"end":{"line":96,"column":28}},"19":{"start":{"line":99,"column":17},"end":{"line":99,"column":35}},"20":{"start":{"line":100,"column":27},"end":{"line":100,"column":44}},"21":{"start":{"line":102,"column":4},"end":{"line":110,"column":5}},"22":{"start":{"line":103,"column":6},"end":{"line":109,"column":7}},"23":{"start":{"line":104,"column":8},"end":{"line":104,"column":60}},"24":{"start":{"line":107,"column":8},"end":{"line":107,"column":60}},"25":{"start":{"line":108,"column":8},"end":{"line":108,"column":30}},"26":{"start":{"line":112,"column":17},"end":{"line":112,"column":71}},"27":{"start":{"line":115,"column":4},"end":{"line":117,"column":5}},"28":{"start":{"line":116,"column":6},"end":{"line":116,"column":59}},"29":{"start":{"line":120,"column":4},"end":{"line":120,"column":48}},"30":{"start":{"line":121,"column":4},"end":{"line":121,"column":18}},"31":{"start":{"line":129,"column":4},"end":{"line":135,"column":7}},"32":{"start":{"line":130,"column":6},"end":{"line":133,"column":7}},"33":{"start":{"line":131,"column":22},"end":{"line":131,"column":36}},"34":{"start":{"line":132,"column":8},"end":{"line":132,"column":77}},"35":{"start":{"line":134,"column":6},"end":{"line":134,"column":19}},"36":{"start":{"line":142,"column":4},"end":{"line":142,"column":30}},"37":{"start":{"line":149,"column":4},"end":{"line":151,"column":5}},"38":{"start":{"line":150,"column":6},"end":{"line":150,"column":34}},"39":{"start":{"line":153,"column":4},"end":{"line":158,"column":5}},"40":{"start":{"line":154,"column":6},"end":{"line":154,"column":54}},"41":{"start":{"line":157,"column":6},"end":{"line":157,"column":37}},"42":{"start":{"line":165,"column":4},"end":{"line":167,"column":5}},"43":{"start":{"line":166,"column":6},"end":{"line":166,"column":34}},"44":{"start":{"line":169,"column":4},"end":{"line":174,"column":5}},"45":{"start":{"line":170,"column":6},"end":{"line":170,"column":48}},"46":{"start":{"line":173,"column":6},"end":{"line":173,"column":46}},"47":{"start":{"line":181,"column":4},"end":{"line":183,"column":5}},"48":{"start":{"line":182,"column":6},"end":{"line":182,"column":34}},"49":{"start":{"line":185,"column":4},"end":{"line":190,"column":5}},"50":{"start":{"line":186,"column":6},"end":{"line":186,"column":48}},"51":{"start":{"line":189,"column":6},"end":{"line":189,"column":65}},"52":{"start":{"line":197,"column":4},"end":{"line":199,"column":5}},"53":{"start":{"line":198,"column":6},"end":{"line":198,"column":34}},"54":{"start":{"line":201,"column":4},"end":{"line":206,"column":5}},"55":{"start":{"line":202,"column":6},"end":{"line":202,"column":52}},"56":{"start":{"line":205,"column":6},"end":{"line":205,"column":66}},"57":{"start":{"line":213,"column":4},"end":{"line":213,"column":22}},"58":{"start":{"line":220,"column":4},"end":{"line":229,"column":5}},"59":{"start":{"line":221,"column":19},"end":{"line":221,"column":29}},"60":{"start":{"line":222,"column":21},"end":{"line":225,"column":8}},"61":{"start":{"line":226,"column":6},"end":{"line":226,"column":46}},"62":{"start":{"line":228,"column":6},"end":{"line":228,"column":19}},"63":{"start":{"line":236,"column":4},"end":{"line":238,"column":5}},"64":{"start":{"line":237,"column":6},"end":{"line":237,"column":52}},"65":{"start":{"line":240,"column":18},"end":{"line":240,"column":42}},"66":{"start":{"line":241,"column":29},"end":{"line":241,"column":41}},"67":{"start":{"line":243,"column":4},"end":{"line":245,"column":5}},"68":{"start":{"line":244,"column":6},"end":{"line":244,"column":71}},"69":{"start":{"line":247,"column":4},"end":{"line":247,"column":115}},"70":{"start":{"line":254,"column":4},"end":{"line":256,"column":5}},"71":{"start":{"line":255,"column":6},"end":{"line":255,"column":37}},"72":{"start":{"line":258,"column":24},"end":{"line":258,"column":42}},"73":{"start":{"line":259,"column":21},"end":{"line":259,"column":61}},"74":{"start":{"line":262,"column":4},"end":{"line":264,"column":5}},"75":{"start":{"line":263,"column":6},"end":{"line":263,"column":34}},"76":{"start":{"line":266,"column":4},"end":{"line":277,"column":5}},"77":{"start":{"line":267,"column":29},"end":{"line":267,"column":72}},"78":{"start":{"line":269,"column":6},"end":{"line":271,"column":7}},"79":{"start":{"line":270,"column":8},"end":{"line":270,"column":64}},"80":{"start":{"line":273,"column":6},"end":{"line":273,"column":102}},"81":{"start":{"line":276,"column":6},"end":{"line":276,"column":65}},"82":{"start":{"line":293,"column":18},"end":{"line":307,"column":6}},"83":{"start":{"line":309,"column":4},"end":{"line":311,"column":5}},"84":{"start":{"line":310,"column":6},"end":{"line":310,"column":87}},"85":{"start":{"line":313,"column":4},"end":{"line":319,"column":6}},"86":{"start":{"line":321,"column":4},"end":{"line":321,"column":28}},"87":{"start":{"line":328,"column":4},"end":{"line":328,"column":34}},"88":{"start":{"line":335,"column":4},"end":{"line":338,"column":6}},"89":{"start":{"line":8,"column":0},"end":{"line":8,"column":13}},"90":{"start":{"line":344,"column":13},"end":{"line":344,"column":39}},"91":{"start":{"line":347,"column":17},"end":{"line":347,"column":61}},"92":{"start":{"line":347,"column":46},"end":{"line":347,"column":61}},"93":{"start":{"line":347,"column":13},"end":{"line":347,"column":17}}},"fnMap":{"0":{"name":"(anonymous_0)","decl":{"start":{"line":23,"column":2},"end":{"line":23,"column":null}},"loc":{"start":{"line":23,"column":2},"end":{"line":37,"column":3}}},"1":{"name":"(anonymous_1)","decl":{"start":{"line":39,"column":10},"end":{"line":39,"column":30}},"loc":{"start":{"line":39,"column":30},"end":{"line":72,"column":3}}},"2":{"name":"(anonymous_2)","decl":{"start":{"line":74,"column":9},"end":{"line":74,"column":15}},"loc":{"start":{"line":74,"column":27},"end":{"line":79,"column":3}}},"3":{"name":"(anonymous_3)","decl":{"start":{"line":85,"column":9},"end":{"line":85,"column":10}},"loc":{"start":{"line":85,"column":59},"end":{"line":122,"column":3}}},"4":{"name":"(anonymous_4)","decl":{"start":{"line":128,"column":10},"end":{"line":128,"column":29}},"loc":{"start":{"line":128,"column":78},"end":{"line":136,"column":3}}},"5":{"name":"(anonymous_5)","decl":{"start":{"line":129,"column":42},"end":{"line":129,"column":43}},"loc":{"start":{"line":129,"column":57},"end":{"line":135,"column":5}}},"6":{"name":"(anonymous_6)","decl":{"start":{"line":141,"column":9},"end":{"line":141,"column":18}},"loc":{"start":{"line":141,"column":18},"end":{"line":143,"column":3}}},"7":{"name":"(anonymous_7)","decl":{"start":{"line":148,"column":9},"end":{"line":148,"column":23}},"loc":{"start":{"line":148,"column":38},"end":{"line":159,"column":3}}},"8":{"name":"(anonymous_8)","decl":{"start":{"line":164,"column":9},"end":{"line":164,"column":19}},"loc":{"start":{"line":164,"column":30},"end":{"line":175,"column":3}}},"9":{"name":"(anonymous_9)","decl":{"start":{"line":180,"column":9},"end":{"line":180,"column":19}},"loc":{"start":{"line":180,"column":30},"end":{"line":191,"column":3}}},"10":{"name":"(anonymous_10)","decl":{"start":{"line":196,"column":9},"end":{"line":196,"column":23}},"loc":{"start":{"line":196,"column":34},"end":{"line":207,"column":3}}},"11":{"name":"(anonymous_11)","decl":{"start":{"line":212,"column":9},"end":{"line":212,"column":12}},"loc":{"start":{"line":212,"column":12},"end":{"line":214,"column":3}}},"12":{"name":"(anonymous_12)","decl":{"start":{"line":219,"column":9},"end":{"line":219,"column":26}},"loc":{"start":{"line":219,"column":26},"end":{"line":230,"column":3}}},"13":{"name":"(anonymous_13)","decl":{"start":{"line":235,"column":9},"end":{"line":235,"column":23}},"loc":{"start":{"line":235,"column":39},"end":{"line":248,"column":3}}},"14":{"name":"(anonymous_14)","decl":{"start":{"line":253,"column":9},"end":{"line":253,"column":20}},"loc":{"start":{"line":253,"column":35},"end":{"line":278,"column":3}}},"15":{"name":"(anonymous_15)","decl":{"start":{"line":283,"column":9},"end":{"line":283,"column":32}},"loc":{"start":{"line":292,"column":3},"end":{"line":322,"column":3}}},"16":{"name":"(anonymous_16)","decl":{"start":{"line":327,"column":9},"end":{"line":327,"column":19}},"loc":{"start":{"line":327,"column":19},"end":{"line":329,"column":3}}},"17":{"name":"(anonymous_17)","decl":{"start":{"line":334,"column":9},"end":{"line":334,"column":22}},"loc":{"start":{"line":334,"column":22},"end":{"line":339,"column":3}}},"18":{"name":"(anonymous_18)","decl":{"start":{"line":347,"column":17},"end":{"line":347,"column":18}},"loc":{"start":{"line":347,"column":46},"end":{"line":347,"column":61}}}},"branchMap":{"0":{"loc":{"start":{"line":75,"column":4},"end":{"line":77,"column":5}},"type":"if","locations":[{"start":{"line":75,"column":4},"end":{"line":77,"column":5}}]},"1":{"loc":{"start":{"line":87,"column":21},"end":{"line":87,"column":84}},"type":"cond-expr","locations":[{"start":{"line":87,"column":33},"end":{"line":87,"column":74}},{"start":{"line":87,"column":77},"end":{"line":87,"column":84}}]},"2":{"loc":{"start":{"line":90,"column":4},"end":{"line":92,"column":5}},"type":"if","locations":[{"start":{"line":90,"column":4},"end":{"line":92,"column":5}}]},"3":{"loc":{"start":{"line":95,"column":4},"end":{"line":97,"column":5}},"type":"if","locations":[{"start":{"line":95,"column":4},"end":{"line":97,"column":5}}]},"4":{"loc":{"start":{"line":95,"column":8},"end":{"line":95,"column":47}},"type":"binary-expr","locations":[{"start":{"line":95,"column":8},"end":{"line":95,"column":16}},{"start":{"line":95,"column":20},"end":{"line":95,"column":47}}]},"5":{"loc":{"start":{"line":103,"column":6},"end":{"line":109,"column":7}},"type":"if","locations":[{"start":{"line":103,"column":6},"end":{"line":109,"column":7}},{"start":{"line":105,"column":13},"end":{"line":109,"column":7}}]},"6":{"loc":{"start":{"line":103,"column":10},"end":{"line":103,"column":66}},"type":"binary-expr","locations":[{"start":{"line":103,"column":10},"end":{"line":103,"column":17}},{"start":{"line":103,"column":21},"end":{"line":103,"column":48}},{"start":{"line":103,"column":52},"end":{"line":103,"column":66}}]},"7":{"loc":{"start":{"line":112,"column":17},"end":{"line":112,"column":71}},"type":"cond-expr","locations":[{"start":{"line":112,"column":47},"end":{"line":112,"column":54}},{"start":{"line":112,"column":57},"end":{"line":112,"column":71}}]},"8":{"loc":{"start":{"line":115,"column":4},"end":{"line":117,"column":5}},"type":"if","locations":[{"start":{"line":115,"column":4},"end":{"line":117,"column":5}}]},"9":{"loc":{"start":{"line":115,"column":8},"end":{"line":115,"column":47}},"type":"binary-expr","locations":[{"start":{"line":115,"column":8},"end":{"line":115,"column":17}},{"start":{"line":115,"column":21},"end":{"line":115,"column":47}}]},"10":{"loc":{"start":{"line":130,"column":6},"end":{"line":133,"column":7}},"type":"if","locations":[{"start":{"line":130,"column":6},"end":{"line":133,"column":7}}]},"11":{"loc":{"start":{"line":132,"column":15},"end":{"line":132,"column":76}},"type":"cond-expr","locations":[{"start":{"line":132,"column":55},"end":{"line":132,"column":68}},{"start":{"line":132,"column":71},"end":{"line":132,"column":76}}]},"12":{"loc":{"start":{"line":132,"column":15},"end":{"line":132,"column":52}},"type":"binary-expr","locations":[{"start":{"line":132,"column":15},"end":{"line":132,"column":29}},{"start":{"line":132,"column":33},"end":{"line":132,"column":52}}]},"13":{"loc":{"start":{"line":149,"column":4},"end":{"line":151,"column":5}},"type":"if","locations":[{"start":{"line":149,"column":4},"end":{"line":151,"column":5}}]},"14":{"loc":{"start":{"line":165,"column":4},"end":{"line":167,"column":5}},"type":"if","locations":[{"start":{"line":165,"column":4},"end":{"line":167,"column":5}}]},"15":{"loc":{"start":{"line":181,"column":4},"end":{"line":183,"column":5}},"type":"if","locations":[{"start":{"line":181,"column":4},"end":{"line":183,"column":5}}]},"16":{"loc":{"start":{"line":197,"column":4},"end":{"line":199,"column":5}},"type":"if","locations":[{"start":{"line":197,"column":4},"end":{"line":199,"column":5}}]},"17":{"loc":{"start":{"line":226,"column":13},"end":{"line":226,"column":45}},"type":"binary-expr","locations":[{"start":{"line":226,"column":13},"end":{"line":226,"column":36}},{"start":{"line":226,"column":40},"end":{"line":226,"column":45}}]},"18":{"loc":{"start":{"line":236,"column":4},"end":{"line":238,"column":5}},"type":"if","locations":[{"start":{"line":236,"column":4},"end":{"line":238,"column":5}}]},"19":{"loc":{"start":{"line":243,"column":4},"end":{"line":245,"column":5}},"type":"if","locations":[{"start":{"line":243,"column":4},"end":{"line":245,"column":5}}]},"20":{"loc":{"start":{"line":244,"column":25},"end":{"line":244,"column":68}},"type":"cond-expr","locations":[{"start":{"line":244,"column":39},"end":{"line":244,"column":45}},{"start":{"line":244,"column":48},"end":{"line":244,"column":68}}]},"21":{"loc":{"start":{"line":247,"column":23},"end":{"line":247,"column":66}},"type":"cond-expr","locations":[{"start":{"line":247,"column":37},"end":{"line":247,"column":43}},{"start":{"line":247,"column":46},"end":{"line":247,"column":66}}]},"22":{"loc":{"start":{"line":254,"column":4},"end":{"line":256,"column":5}},"type":"if","locations":[{"start":{"line":254,"column":4},"end":{"line":256,"column":5}}]},"23":{"loc":{"start":{"line":262,"column":4},"end":{"line":264,"column":5}},"type":"if","locations":[{"start":{"line":262,"column":4},"end":{"line":264,"column":5}}]},"24":{"loc":{"start":{"line":269,"column":6},"end":{"line":271,"column":7}},"type":"if","locations":[{"start":{"line":269,"column":6},"end":{"line":271,"column":7}}]},"25":{"loc":{"start":{"line":309,"column":4},"end":{"line":311,"column":5}},"type":"if","locations":[{"start":{"line":309,"column":4},"end":{"line":311,"column":5}}]},"26":{"loc":{"start":{"line":309,"column":8},"end":{"line":309,"column":38}},"type":"binary-expr","locations":[{"start":{"line":309,"column":8},"end":{"line":309,"column":19}},{"start":{"line":309,"column":23},"end":{"line":309,"column":38}}]}},"s":{"0":9,"1":9,"2":9,"3":9,"4":9,"5":9,"6":9,"7":9,"8":9,"9":9,"10":9,"11":9,"12":9,"13":9,"14":1225,"15":1225,"16":819,"17":406,"18":4,"19":402,"20":402,"21":402,"22":800,"23":794,"24":6,"25":6,"26":396,"27":396,"28":80,"29":396,"30":396,"31":80,"32":72,"33":72,"34":72,"35":0,"36":1,"37":20,"38":0,"39":20,"40":20,"41":0,"42":11,"43":0,"44":11,"45":11,"46":1,"47":6,"48":0,"49":6,"50":6,"51":0,"52":178,"53":0,"54":178,"55":178,"56":0,"57":2,"58":4,"59":4,"60":4,"61":4,"62":0,"63":46,"64":6,"65":40,"66":40,"67":40,"68":9,"69":31,"70":101,"71":3,"72":98,"73":98,"74":98,"75":0,"76":98,"77":98,"78":98,"79":55,"80":43,"81":0,"82":4,"83":4,"84":3,"85":4,"86":4,"87":16,"88":2,"89":9,"90":9,"91":9,"92":222,"93":9},"f":{"0":9,"1":9,"2":9,"3":1225,"4":80,"5":72,"6":1,"7":20,"8":11,"9":6,"10":178,"11":2,"12":4,"13":46,"14":101,"15":4,"16":16,"17":2,"18":222},"b":{"0":[9],"1":[186,1039],"2":[819],"3":[4],"4":[406,403],"5":[794,6],"6":[800,800,800],"7":[396,0],"8":[80],"9":[396,80],"10":[72],"11":[72,0],"12":[72,72],"13":[0],"14":[0],"15":[0],"16":[0],"17":[4,0],"18":[6],"19":[9],"20":[4,5],"21":[5,26],"22":[3],"23":[0],"24":[55],"25":[3],"26":[4,3]}}
,"/Users/velez/dev/parking-lot-management/src/shared/types/financial.ts": {"path":"/Users/velez/dev/parking-lot-management/src/shared/types/financial.ts","statementMap":{"0":{"start":{"line":265,"column":28},"end":{"line":280,"column":11}},"1":{"start":{"line":283,"column":9},"end":{"line":283,"column":28}}},"fnMap":{},"branchMap":{},"s":{"0":0,"1":0},"f":{},"b":{}}
,"/Users/velez/dev/parking-lot-management/src/shared/types/hardware.ts": {"path":"/Users/velez/dev/parking-lot-management/src/shared/types/hardware.ts","statementMap":{"0":{"start":{"line":96,"column":13},"end":{"line":117,"column":11}}},"fnMap":{},"branchMap":{},"s":{"0":4},"f":{},"b":{}}
,"/Users/velez/dev/parking-lot-management/src/shared/utils/money.ts": {"path":"/Users/velez/dev/parking-lot-management/src/shared/utils/money.ts","statementMap":{"0":{"start":{"line":7,"column":0},"end":{"line":7,"column":33}},"1":{"start":{"line":10,"column":0},"end":{"line":17,"column":3}},"2":{"start":{"line":23,"column":39},"end":{"line":23,"column":61}},"3":{"start":{"line":24,"column":39},"end":{"line":24,"column":58}},"4":{"start":{"line":25,"column":43},"end":{"line":25,"column":64}},"5":{"start":{"line":26,"column":43},"end":{"line":26,"column":44}},"6":{"start":{"line":29,"column":4},"end":{"line":33,"column":5}},"7":{"start":{"line":30,"column":6},"end":{"line":30,"column":32}},"8":{"start":{"line":32,"column":6},"end":{"line":32,"column":39}},"9":{"start":{"line":34,"column":4},"end":{"line":34,"column":33}},"10":{"start":{"line":41,"column":4},"end":{"line":43,"column":5}},"11":{"start":{"line":42,"column":6},"end":{"line":42,"column":53}},"12":{"start":{"line":45,"column":4},"end":{"line":47,"column":5}},"13":{"start":{"line":46,"column":6},"end":{"line":46,"column":61}},"14":{"start":{"line":49,"column":4},"end":{"line":51,"column":5}},"15":{"start":{"line":50,"column":6},"end":{"line":50,"column":74}},"16":{"start":{"line":54,"column":4},"end":{"line":56,"column":5}},"17":{"start":{"line":55,"column":6},"end":{"line":55,"column":91}},"18":{"start":{"line":63,"column":19},"end":{"line":63,"column":47}},"19":{"start":{"line":64,"column":4},"end":{"line":66,"column":5}},"20":{"start":{"line":65,"column":6},"end":{"line":65,"column":66}},"21":{"start":{"line":67,"column":4},"end":{"line":67,"column":29}},"22":{"start":{"line":74,"column":19},"end":{"line":74,"column":48}},"23":{"start":{"line":75,"column":4},"end":{"line":77,"column":5}},"24":{"start":{"line":76,"column":6},"end":{"line":76,"column":46}},"25":{"start":{"line":78,"column":4},"end":{"line":78,"column":29}},"26":{"start":{"line":85,"column":4},"end":{"line":87,"column":5}},"27":{"start":{"line":86,"column":6},"end":{"line":86,"column":59}},"28":{"start":{"line":88,"column":19},"end":{"line":88,"column":43}},"29":{"start":{"line":89,"column":4},"end":{"line":89,"column":29}},"30":{"start":{"line":96,"column":4},"end":{"line":98,"column":5}},"31":{"start":{"line":97,"column":6},"end":{"line":97,"column":42}},"32":{"start":{"line":99,"column":27},"end":{"line":99,"column":47}},"33":{"start":{"line":100,"column":4},"end":{"line":102,"column":5}},"34":{"start":{"line":101,"column":6},"end":{"line":101,"column":54}},"35":{"start":{"line":103,"column":19},"end":{"line":103,"column":55}},"36":{"start":{"line":104,"column":4},"end":{"line":104,"column":29}},"37":{"start":{"line":111,"column":4},"end":{"line":111,"column":63}},"38":{"start":{"line":118,"column":4},"end":{"line":118,"column":42}},"39":{"start":{"line":122,"column":4},"end":{"line":122,"column":44}},"40":{"start":{"line":126,"column":4},"end":{"line":126,"column":53}},"41":{"start":{"line":130,"column":4},"end":{"line":130,"column":47}},"42":{"start":{"line":134,"column":4},"end":{"line":134,"column":56}},"43":{"start":{"line":138,"column":4},"end":{"line":138,"column":31}},"44":{"start":{"line":142,"column":4},"end":{"line":142,"column":37}},"45":{"start":{"line":149,"column":4},"end":{"line":151,"column":5}},"46":{"start":{"line":150,"column":6},"end":{"line":150,"column":57}},"47":{"start":{"line":152,"column":4},"end":{"line":152,"column":37}},"48":{"start":{"line":159,"column":4},"end":{"line":161,"column":5}},"49":{"start":{"line":160,"column":6},"end":{"line":160,"column":69}},"50":{"start":{"line":163,"column":4},"end":{"line":165,"column":5}},"51":{"start":{"line":164,"column":6},"end":{"line":164,"column":60}},"52":{"start":{"line":172,"column":26},"end":{"line":172,"column":92}},"53":{"start":{"line":173,"column":46},"end":{"line":173,"column":48}},"54":{"start":{"line":174,"column":20},"end":{"line":174,"column":30}},"55":{"start":{"line":176,"column":4},"end":{"line":183,"column":5}},"56":{"start":{"line":177,"column":27},"end":{"line":177,"column":45}},"57":{"start":{"line":178,"column":20},"end":{"line":178,"column":72}},"58":{"start":{"line":179,"column":6},"end":{"line":182,"column":7}},"59":{"start":{"line":180,"column":8},"end":{"line":180,"column":36}},"60":{"start":{"line":181,"column":8},"end":{"line":181,"column":63}},"61":{"start":{"line":185,"column":4},"end":{"line":185,"column":18}},"62":{"start":{"line":192,"column":4},"end":{"line":197,"column":37}},"63":{"start":{"line":204,"column":4},"end":{"line":204,"column":39}},"64":{"start":{"line":211,"column":4},"end":{"line":211,"column":52}},"65":{"start":{"line":218,"column":4},"end":{"line":218,"column":22}},"66":{"start":{"line":225,"column":4},"end":{"line":225,"column":33}},"67":{"start":{"line":232,"column":4},"end":{"line":232,"column":52}},"68":{"start":{"line":239,"column":4},"end":{"line":239,"column":29}},"69":{"start":{"line":246,"column":4},"end":{"line":246,"column":29}},"70":{"start":{"line":250,"column":4},"end":{"line":250,"column":59}},"71":{"start":{"line":254,"column":4},"end":{"line":254,"column":28}},"72":{"start":{"line":262,"column":20},"end":{"line":262,"column":49}},"73":{"start":{"line":265,"column":4},"end":{"line":267,"column":5}},"74":{"start":{"line":266,"column":6},"end":{"line":266,"column":52}},"75":{"start":{"line":269,"column":4},"end":{"line":269,"column":30}},"76":{"start":{"line":276,"column":4},"end":{"line":281,"column":5}},"77":{"start":{"line":277,"column":6},"end":{"line":277,"column":23}},"78":{"start":{"line":278,"column":6},"end":{"line":278,"column":18}},"79":{"start":{"line":280,"column":6},"end":{"line":280,"column":19}},"80":{"start":{"line":288,"column":4},"end":{"line":288,"column":78}},"81":{"start":{"line":288,"column":45},"end":{"line":288,"column":62}},"82":{"start":{"line":295,"column":4},"end":{"line":297,"column":5}},"83":{"start":{"line":296,"column":6},"end":{"line":296,"column":60}},"84":{"start":{"line":298,"column":4},"end":{"line":298,"column":80}},"85":{"start":{"line":298,"column":43},"end":{"line":298,"column":78}},"86":{"start":{"line":305,"column":4},"end":{"line":307,"column":5}},"87":{"start":{"line":306,"column":6},"end":{"line":306,"column":60}},"88":{"start":{"line":308,"column":4},"end":{"line":308,"column":83}},"89":{"start":{"line":308,"column":43},"end":{"line":308,"column":81}},"90":{"start":{"line":19,"column":0},"end":{"line":19,"column":13}},"91":{"start":{"line":315,"column":13},"end":{"line":384,"column":2}},"92":{"start":{"line":327,"column":23},"end":{"line":327,"column":63}},"93":{"start":{"line":328,"column":25},"end":{"line":328,"column":60}},"94":{"start":{"line":330,"column":4},"end":{"line":340,"column":5}},"95":{"start":{"line":331,"column":6},"end":{"line":339,"column":8}},"96":{"start":{"line":342,"column":30},"end":{"line":342,"column":59}},"97":{"start":{"line":343,"column":23},"end":{"line":343,"column":70}},"98":{"start":{"line":344,"column":29},"end":{"line":344,"column":63}},"99":{"start":{"line":345,"column":24},"end":{"line":345,"column":57}},"100":{"start":{"line":347,"column":4},"end":{"line":355,"column":6}},"101":{"start":{"line":368,"column":29},"end":{"line":368,"column":52}},"102":{"start":{"line":369,"column":25},"end":{"line":369,"column":44}},"103":{"start":{"line":370,"column":28},"end":{"line":370,"column":50}},"104":{"start":{"line":372,"column":21},"end":{"line":375,"column":32}},"105":{"start":{"line":378,"column":31},"end":{"line":378,"column":85}},"106":{"start":{"line":379,"column":24},"end":{"line":379,"column":59}},"107":{"start":{"line":380,"column":20},"end":{"line":380,"column":40}},"108":{"start":{"line":382,"column":4},"end":{"line":382,"column":46}},"109":{"start":{"line":386,"column":0},"end":{"line":386,"column":21}}},"fnMap":{"0":{"name":"(anonymous_1)","decl":{"start":{"line":28,"column":2},"end":{"line":28,"column":14}},"loc":{"start":{"line":28,"column":87},"end":{"line":35,"column":3}}},"1":{"name":"(anonymous_2)","decl":{"start":{"line":40,"column":10},"end":{"line":40,"column":18}},"loc":{"start":{"line":40,"column":49},"end":{"line":57,"column":3}}},"2":{"name":"(anonymous_3)","decl":{"start":{"line":62,"column":2},"end":{"line":62,"column":5}},"loc":{"start":{"line":62,"column":18},"end":{"line":68,"column":3}}},"3":{"name":"(anonymous_4)","decl":{"start":{"line":73,"column":2},"end":{"line":73,"column":10}},"loc":{"start":{"line":73,"column":23},"end":{"line":79,"column":3}}},"4":{"name":"(anonymous_5)","decl":{"start":{"line":84,"column":2},"end":{"line":84,"column":10}},"loc":{"start":{"line":84,"column":35},"end":{"line":90,"column":3}}},"5":{"name":"(anonymous_6)","decl":{"start":{"line":95,"column":2},"end":{"line":95,"column":8}},"loc":{"start":{"line":95,"column":34},"end":{"line":105,"column":3}}},"6":{"name":"(anonymous_7)","decl":{"start":{"line":110,"column":2},"end":{"line":110,"column":7}},"loc":{"start":{"line":110,"column":7},"end":{"line":112,"column":3}}},"7":{"name":"(anonymous_8)","decl":{"start":{"line":117,"column":2},"end":{"line":117,"column":8}},"loc":{"start":{"line":117,"column":21},"end":{"line":119,"column":3}}},"8":{"name":"(anonymous_9)","decl":{"start":{"line":121,"column":2},"end":{"line":121,"column":10}},"loc":{"start":{"line":121,"column":23},"end":{"line":123,"column":3}}},"9":{"name":"(anonymous_10)","decl":{"start":{"line":125,"column":2},"end":{"line":125,"column":17}},"loc":{"start":{"line":125,"column":30},"end":{"line":127,"column":3}}},"10":{"name":"(anonymous_11)","decl":{"start":{"line":129,"column":2},"end":{"line":129,"column":13}},"loc":{"start":{"line":129,"column":26},"end":{"line":131,"column":3}}},"11":{"name":"(anonymous_12)","decl":{"start":{"line":133,"column":2},"end":{"line":133,"column":20}},"loc":{"start":{"line":133,"column":33},"end":{"line":135,"column":3}}},"12":{"name":"(anonymous_13)","decl":{"start":{"line":137,"column":2},"end":{"line":137,"column":8}},"loc":{"start":{"line":137,"column":8},"end":{"line":139,"column":3}}},"13":{"name":"(anonymous_14)","decl":{"start":{"line":141,"column":2},"end":{"line":141,"column":12}},"loc":{"start":{"line":141,"column":12},"end":{"line":143,"column":3}}},"14":{"name":"(anonymous_15)","decl":{"start":{"line":148,"column":2},"end":{"line":148,"column":17}},"loc":{"start":{"line":148,"column":35},"end":{"line":153,"column":3}}},"15":{"name":"(anonymous_16)","decl":{"start":{"line":158,"column":2},"end":{"line":158,"column":21}},"loc":{"start":{"line":158,"column":39},"end":{"line":166,"column":3}}},"16":{"name":"(anonymous_17)","decl":{"start":{"line":171,"column":2},"end":{"line":171,"column":24}},"loc":{"start":{"line":171,"column":24},"end":{"line":186,"column":3}}},"17":{"name":"(anonymous_18)","decl":{"start":{"line":191,"column":2},"end":{"line":191,"column":8}},"loc":{"start":{"line":191,"column":8},"end":{"line":198,"column":3}}},"18":{"name":"(anonymous_19)","decl":{"start":{"line":203,"column":2},"end":{"line":203,"column":15}},"loc":{"start":{"line":203,"column":15},"end":{"line":205,"column":3}}},"19":{"name":"(anonymous_20)","decl":{"start":{"line":210,"column":2},"end":{"line":210,"column":12}},"loc":{"start":{"line":210,"column":12},"end":{"line":212,"column":3}}},"20":{"name":"(anonymous_21)","decl":{"start":{"line":217,"column":2},"end":{"line":217,"column":11}},"loc":{"start":{"line":217,"column":11},"end":{"line":219,"column":3}}},"21":{"name":"(anonymous_22)","decl":{"start":{"line":224,"column":2},"end":{"line":224,"column":10}},"loc":{"start":{"line":224,"column":10},"end":{"line":226,"column":3}}},"22":{"name":"(anonymous_23)","decl":{"start":{"line":231,"column":2},"end":{"line":231,"column":10}},"loc":{"start":{"line":231,"column":10},"end":{"line":233,"column":3}}},"23":{"name":"(anonymous_24)","decl":{"start":{"line":238,"column":2},"end":{"line":238,"column":8}},"loc":{"start":{"line":238,"column":8},"end":{"line":240,"column":3}}},"24":{"name":"(anonymous_25)","decl":{"start":{"line":245,"column":2},"end":{"line":245,"column":8}},"loc":{"start":{"line":245,"column":13},"end":{"line":247,"column":3}}},"25":{"name":"(anonymous_26)","decl":{"start":{"line":249,"column":2},"end":{"line":249,"column":8}},"loc":{"start":{"line":249,"column":38},"end":{"line":251,"column":3}}},"26":{"name":"(anonymous_27)","decl":{"start":{"line":253,"column":2},"end":{"line":253,"column":8}},"loc":{"start":{"line":253,"column":32},"end":{"line":255,"column":3}}},"27":{"name":"(anonymous_28)","decl":{"start":{"line":260,"column":2},"end":{"line":260,"column":8}},"loc":{"start":{"line":260,"column":28},"end":{"line":270,"column":3}}},"28":{"name":"(anonymous_29)","decl":{"start":{"line":275,"column":2},"end":{"line":275,"column":8}},"loc":{"start":{"line":275,"column":39},"end":{"line":282,"column":3}}},"29":{"name":"(anonymous_30)","decl":{"start":{"line":287,"column":2},"end":{"line":287,"column":8}},"loc":{"start":{"line":287,"column":29},"end":{"line":289,"column":3}}},"30":{"name":"(anonymous_31)","decl":{"start":{"line":288,"column":26},"end":{"line":288,"column":27}},"loc":{"start":{"line":288,"column":45},"end":{"line":288,"column":62}}},"31":{"name":"(anonymous_32)","decl":{"start":{"line":294,"column":2},"end":{"line":294,"column":8}},"loc":{"start":{"line":294,"column":29},"end":{"line":299,"column":3}}},"32":{"name":"(anonymous_33)","decl":{"start":{"line":298,"column":26},"end":{"line":298,"column":27}},"loc":{"start":{"line":298,"column":43},"end":{"line":298,"column":78}}},"33":{"name":"(anonymous_34)","decl":{"start":{"line":304,"column":2},"end":{"line":304,"column":8}},"loc":{"start":{"line":304,"column":29},"end":{"line":309,"column":3}}},"34":{"name":"(anonymous_35)","decl":{"start":{"line":308,"column":26},"end":{"line":308,"column":27}},"loc":{"start":{"line":308,"column":43},"end":{"line":308,"column":81}}},"35":{"name":"(anonymous_36)","decl":{"start":{"line":319,"column":2},"end":{"line":319,"column":21}},"loc":{"start":{"line":325,"column":33},"end":{"line":356,"column":3}}},"36":{"name":"(anonymous_37)","decl":{"start":{"line":361,"column":2},"end":{"line":361,"column":21}},"loc":{"start":{"line":366,"column":25},"end":{"line":383,"column":3}}}},"branchMap":{"0":{"loc":{"start":{"line":28,"column":57},"end":{"line":28,"column":87}},"type":"default-arg","locations":[{"start":{"line":28,"column":82},"end":{"line":28,"column":87}}]},"1":{"loc":{"start":{"line":29,"column":4},"end":{"line":33,"column":5}},"type":"if","locations":[{"start":{"line":29,"column":4},"end":{"line":33,"column":5}},{"start":{"line":31,"column":11},"end":{"line":33,"column":5}}]},"2":{"loc":{"start":{"line":40,"column":19},"end":{"line":40,"column":49}},"type":"default-arg","locations":[{"start":{"line":40,"column":44},"end":{"line":40,"column":49}}]},"3":{"loc":{"start":{"line":41,"column":4},"end":{"line":43,"column":5}},"type":"if","locations":[{"start":{"line":41,"column":4},"end":{"line":43,"column":5}}]},"4":{"loc":{"start":{"line":41,"column":8},"end":{"line":41,"column":52}},"type":"binary-expr","locations":[{"start":{"line":41,"column":8},"end":{"line":41,"column":26}},{"start":{"line":41,"column":30},"end":{"line":41,"column":52}}]},"5":{"loc":{"start":{"line":45,"column":4},"end":{"line":47,"column":5}},"type":"if","locations":[{"start":{"line":45,"column":4},"end":{"line":47,"column":5}}]},"6":{"loc":{"start":{"line":45,"column":8},"end":{"line":45,"column":63}},"type":"binary-expr","locations":[{"start":{"line":45,"column":8},"end":{"line":45,"column":22}},{"start":{"line":45,"column":26},"end":{"line":45,"column":63}}]},"7":{"loc":{"start":{"line":49,"column":4},"end":{"line":51,"column":5}},"type":"if","locations":[{"start":{"line":49,"column":4},"end":{"line":51,"column":5}}]},"8":{"loc":{"start":{"line":54,"column":4},"end":{"line":56,"column":5}},"type":"if","locations":[{"start":{"line":54,"column":4},"end":{"line":56,"column":5}}]},"9":{"loc":{"start":{"line":64,"column":4},"end":{"line":66,"column":5}},"type":"if","locations":[{"start":{"line":64,"column":4},"end":{"line":66,"column":5}}]},"10":{"loc":{"start":{"line":75,"column":4},"end":{"line":77,"column":5}},"type":"if","locations":[{"start":{"line":75,"column":4},"end":{"line":77,"column":5}}]},"11":{"loc":{"start":{"line":85,"column":4},"end":{"line":87,"column":5}},"type":"if","locations":[{"start":{"line":85,"column":4},"end":{"line":87,"column":5}}]},"12":{"loc":{"start":{"line":85,"column":8},"end":{"line":85,"column":74}},"type":"binary-expr","locations":[{"start":{"line":85,"column":8},"end":{"line":85,"column":34}},{"start":{"line":85,"column":39},"end":{"line":85,"column":52}},{"start":{"line":85,"column":56},"end":{"line":85,"column":73}}]},"13":{"loc":{"start":{"line":96,"column":4},"end":{"line":98,"column":5}},"type":"if","locations":[{"start":{"line":96,"column":4},"end":{"line":98,"column":5}}]},"14":{"loc":{"start":{"line":96,"column":8},"end":{"line":96,"column":77}},"type":"binary-expr","locations":[{"start":{"line":96,"column":8},"end":{"line":96,"column":35}},{"start":{"line":96,"column":40},"end":{"line":96,"column":54}},{"start":{"line":96,"column":58},"end":{"line":96,"column":76}}]},"15":{"loc":{"start":{"line":100,"column":4},"end":{"line":102,"column":5}},"type":"if","locations":[{"start":{"line":100,"column":4},"end":{"line":102,"column":5}}]},"16":{"loc":{"start":{"line":149,"column":4},"end":{"line":151,"column":5}},"type":"if","locations":[{"start":{"line":149,"column":4},"end":{"line":151,"column":5}}]},"17":{"loc":{"start":{"line":159,"column":4},"end":{"line":161,"column":5}},"type":"if","locations":[{"start":{"line":159,"column":4},"end":{"line":161,"column":5}}]},"18":{"loc":{"start":{"line":163,"column":4},"end":{"line":165,"column":5}},"type":"if","locations":[{"start":{"line":163,"column":4},"end":{"line":165,"column":5}}]},"19":{"loc":{"start":{"line":179,"column":6},"end":{"line":182,"column":7}},"type":"if","locations":[{"start":{"line":179,"column":6},"end":{"line":182,"column":7}}]},"20":{"loc":{"start":{"line":265,"column":4},"end":{"line":267,"column":5}},"type":"if","locations":[{"start":{"line":265,"column":4},"end":{"line":267,"column":5}}]},"21":{"loc":{"start":{"line":295,"column":4},"end":{"line":297,"column":5}},"type":"if","locations":[{"start":{"line":295,"column":4},"end":{"line":297,"column":5}}]},"22":{"loc":{"start":{"line":298,"column":43},"end":{"line":298,"column":78}},"type":"cond-expr","locations":[{"start":{"line":298,"column":66},"end":{"line":298,"column":72}},{"start":{"line":298,"column":75},"end":{"line":298,"column":78}}]},"23":{"loc":{"start":{"line":305,"column":4},"end":{"line":307,"column":5}},"type":"if","locations":[{"start":{"line":305,"column":4},"end":{"line":307,"column":5}}]},"24":{"loc":{"start":{"line":308,"column":43},"end":{"line":308,"column":81}},"type":"cond-expr","locations":[{"start":{"line":308,"column":69},"end":{"line":308,"column":75}},{"start":{"line":308,"column":78},"end":{"line":308,"column":81}}]},"25":{"loc":{"start":{"line":324,"column":4},"end":{"line":324,"column":31}},"type":"default-arg","locations":[{"start":{"line":324,"column":29},"end":{"line":324,"column":31}}]},"26":{"loc":{"start":{"line":325,"column":4},"end":{"line":325,"column":33}},"type":"default-arg","locations":[{"start":{"line":325,"column":31},"end":{"line":325,"column":33}}]},"27":{"loc":{"start":{"line":330,"column":4},"end":{"line":340,"column":5}},"type":"if","locations":[{"start":{"line":330,"column":4},"end":{"line":340,"column":5}}]}},"s":{"0":4,"1":4,"2":4,"3":4,"4":4,"5":4,"6":206,"7":1,"8":205,"9":205,"10":205,"11":2,"12":203,"13":2,"14":201,"15":2,"16":199,"17":3,"18":27,"19":27,"20":1,"21":26,"22":16,"23":16,"24":1,"25":15,"26":14,"27":1,"28":13,"29":13,"30":2,"31":0,"32":2,"33":2,"34":1,"35":1,"36":1,"37":1,"38":2,"39":8,"40":0,"41":7,"42":0,"43":4,"44":2,"45":2,"46":1,"47":1,"48":3,"49":1,"50":2,"51":1,"52":1,"53":1,"54":1,"55":1,"56":14,"57":14,"58":14,"59":9,"60":9,"61":1,"62":1,"63":1,"64":2,"65":5,"66":69,"67":36,"68":1,"69":9,"70":1,"71":1,"72":2,"73":2,"74":1,"75":1,"76":3,"77":3,"78":1,"79":2,"80":7,"81":8,"82":1,"83":0,"84":1,"85":2,"86":1,"87":0,"88":1,"89":2,"90":4,"91":4,"92":3,"93":3,"94":3,"95":1,"96":2,"97":2,"98":2,"99":2,"100":2,"101":2,"102":2,"103":2,"104":2,"105":2,"106":2,"107":2,"108":2,"109":4},"f":{"0":206,"1":205,"2":27,"3":16,"4":14,"5":2,"6":1,"7":2,"8":8,"9":0,"10":7,"11":0,"12":4,"13":2,"14":2,"15":3,"16":1,"17":1,"18":1,"19":2,"20":5,"21":69,"22":36,"23":1,"24":9,"25":1,"26":1,"27":2,"28":3,"29":7,"30":8,"31":1,"32":2,"33":1,"34":2,"35":3,"36":2},"b":{"0":[204],"1":[1,205],"2":[0],"3":[2],"4":[205,204],"5":[2],"6":[203,201],"7":[2],"8":[3],"9":[1],"10":[1],"11":[1],"12":[14,14,13],"13":[0],"14":[2,2,2],"15":[1],"16":[1],"17":[1],"18":[1],"19":[9],"20":[1],"21":[0],"22":[1,1],"23":[0],"24":[1,1],"25":[1],"26":[1],"27":[1]}}
}
