TN:
SF:src/backend/services/printer/thermal-printer.service.ts
FN:36,(anonymous_0)
FN:69,(anonymous_1)
FN:92,(anonymous_2)
FN:151,(anonymous_3)
FN:169,(anonymous_4)
FN:185,(anonymous_5)
FN:201,(anonymous_6)
FN:217,(anonymous_7)
FN:233,(anonymous_8)
FN:249,(anonymous_9)
FN:289,(anonymous_10)
FN:343,(anonymous_11)
FN:383,(anonymous_12)
FN:423,(anonymous_13)
FN:441,(anonymous_14)
FN:449,(anonymous_15)
FN:472,(anonymous_16)
FN:522,(anonymous_17)
FN:561,(anonymous_18)
FN:568,(anonymous_19)
FN:575,(anonymous_20)
FN:585,(anonymous_21)
FN:605,(anonymous_22)
FN:610,(anonymous_23)
FN:618,(anonymous_24)
FN:619,(anonymous_25)
FN:627,(anonymous_26)
FN:652,(anonymous_27)
FN:653,(anonymous_28)
FN:659,(anonymous_29)
FNF:30
FNH:29
FNDA:69,(anonymous_0)
FNDA:69,(anonymous_1)
FNDA:55,(anonymous_2)
FNDA:72,(anonymous_3)
FNDA:6,(anonymous_4)
FNDA:14,(anonymous_5)
FNDA:3,(anonymous_6)
FNDA:2,(anonymous_7)
FNDA:126,(anonymous_8)
FNDA:6,(anonymous_9)
FNDA:14,(anonymous_10)
FNDA:3,(anonymous_11)
FNDA:2,(anonymous_12)
FNDA:126,(anonymous_13)
FNDA:722,(anonymous_14)
FNDA:151,(anonymous_15)
FNDA:33,(anonymous_16)
FNDA:48,(anonymous_17)
FNDA:20,(anonymous_18)
FNDA:1,(anonymous_19)
FNDA:2,(anonymous_20)
FNDA:30,(anonymous_21)
FNDA:9,(anonymous_22)
FNDA:1,(anonymous_23)
FNDA:69,(anonymous_24)
FNDA:0,(anonymous_25)
FNDA:3,(anonymous_26)
FNDA:11,(anonymous_27)
FNDA:11,(anonymous_28)
FNDA:70,(anonymous_29)
DA:13,4
DA:14,4
DA:15,4
DA:24,4
DA:26,4
DA:27,69
DA:29,69
DA:31,69
DA:32,69
DA:33,69
DA:34,69
DA:37,69
DA:39,69
DA:49,69
DA:62,69
DA:63,69
DA:70,69
DA:71,69
DA:83,69
DA:85,0
DA:93,55
DA:94,0
DA:97,55
DA:98,55
DA:100,55
DA:101,55
DA:102,66
DA:103,66
DA:104,0
DA:107,66
DA:108,49
DA:109,49
DA:110,49
DA:111,49
DA:112,49
DA:114,49
DA:115,49
DA:118,49
DA:119,1
DA:122,49
DA:125,17
DA:126,17
DA:128,17
DA:129,11
DA:130,11
DA:132,6
DA:137,6
DA:138,6
DA:139,6
DA:140,6
DA:141,6
DA:144,6
DA:145,6
DA:152,72
DA:153,9
DA:154,9
DA:157,72
DA:158,72
DA:159,72
DA:160,72
DA:162,72
DA:163,72
DA:170,6
DA:171,6
DA:186,14
DA:187,14
DA:202,3
DA:203,3
DA:218,2
DA:219,2
DA:234,126
DA:235,126
DA:250,6
DA:253,6
DA:254,6
DA:255,6
DA:256,6
DA:257,6
DA:260,6
DA:261,6
DA:262,6
DA:265,6
DA:268,6
DA:271,6
DA:272,6
DA:273,6
DA:276,6
DA:277,6
DA:280,6
DA:281,6
DA:283,6
DA:290,14
DA:293,14
DA:294,14
DA:295,14
DA:296,14
DA:297,14
DA:300,14
DA:301,14
DA:302,14
DA:305,14
DA:308,14
DA:313,14
DA:314,14
DA:315,14
DA:318,14
DA:321,14
DA:325,14
DA:326,14
DA:330,14
DA:333,14
DA:334,14
DA:335,14
DA:337,14
DA:344,3
DA:347,3
DA:348,3
DA:349,3
DA:350,3
DA:351,3
DA:354,3
DA:355,3
DA:356,3
DA:359,3
DA:362,3
DA:366,3
DA:367,3
DA:371,3
DA:374,3
DA:375,3
DA:377,3
DA:384,2
DA:387,2
DA:388,2
DA:389,2
DA:390,2
DA:391,2
DA:394,2
DA:395,2
DA:397,2
DA:398,2
DA:401,2
DA:402,2
DA:406,2
DA:407,2
DA:411,2
DA:414,2
DA:415,2
DA:417,2
DA:424,126
DA:426,126
DA:427,126
DA:428,126
DA:429,126
DA:430,126
DA:431,126
DA:432,126
DA:433,126
DA:435,126
DA:442,722
DA:443,722
DA:451,151
DA:452,5
DA:453,5
DA:456,146
DA:457,146
DA:458,146
DA:459,146
DA:462,146
DA:463,32
DA:466,146
DA:473,33
DA:474,0
DA:477,33
DA:478,33
DA:480,33
DA:481,48
DA:482,48
DA:483,48
DA:485,48
DA:486,48
DA:487,44
DA:488,29
DA:489,29
DA:490,29
DA:492,15
DA:493,15
DA:494,12
DA:495,12
DA:496,12
DA:497,12
DA:499,3
DA:500,3
DA:501,3
DA:505,4
DA:506,4
DA:507,4
DA:508,4
DA:511,48
DA:512,48
DA:515,33
DA:516,33
DA:523,48
DA:524,0
DA:527,48
DA:529,48
DA:532,48
DA:535,48
DA:538,48
DA:539,144
DA:543,48
DA:545,29
DA:546,29
DA:547,29
DA:549,0
DA:550,0
DA:553,19
DA:554,15
DA:562,20
DA:569,1
DA:576,2
DA:577,2
DA:578,2
DA:579,2
DA:586,30
DA:595,30
DA:596,30
DA:598,30
DA:599,26
DA:606,9
DA:607,0
DA:610,9
DA:611,1
DA:619,69
DA:620,0
DA:628,3
DA:629,0
DA:632,3
DA:633,3
DA:634,3
DA:635,3
DA:636,3
DA:637,3
DA:638,3
DA:639,3
DA:642,0
DA:645,3
DA:646,3
DA:653,11
DA:660,70
DA:661,9
DA:664,70
DA:665,70
DA:668,70
DA:669,70
LF:255
LH:244
BRDA:40,0,0,69
BRDA:40,0,1,48
BRDA:41,1,0,69
BRDA:41,1,1,48
BRDA:42,2,0,69
BRDA:42,2,1,21
BRDA:43,3,0,69
BRDA:43,3,1,28
BRDA:44,4,0,69
BRDA:44,4,1,21
BRDA:45,5,0,69
BRDA:45,5,1,46
BRDA:46,6,0,69
BRDA:46,6,1,49
BRDA:93,7,0,0
BRDA:103,8,0,0
BRDA:108,9,0,49
BRDA:118,10,0,1
BRDA:128,11,0,11
BRDA:128,11,1,6
BRDA:152,12,0,9
BRDA:325,13,0,14
BRDA:325,14,0,14
BRDA:325,14,1,14
BRDA:366,15,0,3
BRDA:366,16,0,3
BRDA:366,16,1,3
BRDA:394,17,0,2
BRDA:406,18,0,2
BRDA:451,19,0,5
BRDA:462,20,0,32
BRDA:462,21,0,146
BRDA:462,21,1,36
BRDA:473,22,0,0
BRDA:473,23,0,33
BRDA:473,23,1,33
BRDA:473,23,2,33
BRDA:480,24,0,81
BRDA:480,24,1,48
BRDA:487,25,0,29
BRDA:487,25,1,15
BRDA:493,26,0,12
BRDA:493,26,1,3
BRDA:506,27,0,0
BRDA:506,27,1,4
BRDA:523,28,0,0
BRDA:523,29,0,48
BRDA:523,29,1,48
BRDA:545,30,0,29
BRDA:545,30,1,0
BRDA:591,31,0,25
BRDA:591,31,1,5
BRDA:606,32,0,0
BRDA:628,33,0,0
BRDA:628,34,0,3
BRDA:628,34,1,3
BRDA:634,35,0,3
BRDA:634,36,0,3
BRDA:634,36,1,3
BRDA:660,37,0,9
BRDA:664,38,0,70
BRF:61
BRH:53
end_of_record
TN:
SF:src/shared/localization/es-MX.ts
FNF:0
FNH:0
DA:7,9
LF:1
LH:1
BRF:0
BRH:0
end_of_record
TN:
SF:src/shared/localization/i18n.ts
FN:23,(anonymous_0)
FN:39,(anonymous_1)
FN:74,(anonymous_2)
FN:85,(anonymous_3)
FN:128,(anonymous_4)
FN:129,(anonymous_5)
FN:141,(anonymous_6)
FN:148,(anonymous_7)
FN:164,(anonymous_8)
FN:180,(anonymous_9)
FN:196,(anonymous_10)
FN:212,(anonymous_11)
FN:219,(anonymous_12)
FN:235,(anonymous_13)
FN:253,(anonymous_14)
FN:283,(anonymous_15)
FN:327,(anonymous_16)
FN:334,(anonymous_17)
FN:347,(anonymous_18)
FNF:19
FNH:19
FNDA:9,(anonymous_0)
FNDA:9,(anonymous_1)
FNDA:9,(anonymous_2)
FNDA:1225,(anonymous_3)
FNDA:80,(anonymous_4)
FNDA:72,(anonymous_5)
FNDA:1,(anonymous_6)
FNDA:20,(anonymous_7)
FNDA:11,(anonymous_8)
FNDA:6,(anonymous_9)
FNDA:178,(anonymous_10)
FNDA:2,(anonymous_11)
FNDA:4,(anonymous_12)
FNDA:46,(anonymous_13)
FNDA:101,(anonymous_14)
FNDA:4,(anonymous_15)
FNDA:16,(anonymous_16)
FNDA:2,(anonymous_17)
FNDA:222,(anonymous_18)
DA:2,9
DA:8,9
DA:21,9
DA:24,9
DA:32,9
DA:33,9
DA:36,9
DA:40,9
DA:47,9
DA:49,9
DA:56,9
DA:63,9
DA:75,9
DA:76,9
DA:78,9
DA:87,1225
DA:90,1225
DA:91,819
DA:95,406
DA:96,4
DA:99,402
DA:100,402
DA:102,402
DA:103,800
DA:104,794
DA:107,6
DA:108,6
DA:112,396
DA:115,396
DA:116,80
DA:120,396
DA:121,396
DA:129,80
DA:130,72
DA:131,72
DA:132,72
DA:134,0
DA:142,1
DA:149,20
DA:150,0
DA:153,20
DA:154,20
DA:157,0
DA:165,11
DA:166,0
DA:169,11
DA:170,11
DA:173,1
DA:181,6
DA:182,0
DA:185,6
DA:186,6
DA:189,0
DA:197,178
DA:198,0
DA:201,178
DA:202,178
DA:205,0
DA:213,2
DA:220,4
DA:221,4
DA:222,4
DA:226,4
DA:228,0
DA:236,46
DA:237,6
DA:240,40
DA:241,40
DA:243,40
DA:244,9
DA:247,31
DA:254,101
DA:255,3
DA:258,98
DA:259,98
DA:262,98
DA:263,0
DA:266,98
DA:267,98
DA:269,98
DA:270,55
DA:273,43
DA:276,0
DA:293,4
DA:309,4
DA:310,3
DA:313,4
DA:321,4
DA:328,16
DA:335,2
DA:344,9
DA:347,222
LF:92
LH:81
BRDA:75,0,0,9
BRDA:87,1,0,186
BRDA:87,1,1,1039
BRDA:90,2,0,819
BRDA:95,3,0,4
BRDA:95,4,0,406
BRDA:95,4,1,403
BRDA:103,5,0,794
BRDA:103,5,1,6
BRDA:103,6,0,800
BRDA:103,6,1,800
BRDA:103,6,2,800
BRDA:112,7,0,396
BRDA:112,7,1,0
BRDA:115,8,0,80
BRDA:115,9,0,396
BRDA:115,9,1,80
BRDA:130,10,0,72
BRDA:132,11,0,72
BRDA:132,11,1,0
BRDA:132,12,0,72
BRDA:132,12,1,72
BRDA:149,13,0,0
BRDA:165,14,0,0
BRDA:181,15,0,0
BRDA:197,16,0,0
BRDA:226,17,0,4
BRDA:226,17,1,0
BRDA:236,18,0,6
BRDA:243,19,0,9
BRDA:244,20,0,4
BRDA:244,20,1,5
BRDA:247,21,0,5
BRDA:247,21,1,26
BRDA:254,22,0,3
BRDA:262,23,0,0
BRDA:269,24,0,55
BRDA:309,25,0,3
BRDA:309,26,0,4
BRDA:309,26,1,3
BRF:40
BRH:32
end_of_record
TN:
SF:src/shared/types/financial.ts
FNF:0
FNH:0
DA:265,0
DA:283,0
LF:2
LH:0
BRF:0
BRH:0
end_of_record
TN:
SF:src/shared/types/hardware.ts
FNF:0
FNH:0
DA:96,4
LF:1
LH:1
BRF:0
BRH:0
end_of_record
TN:
SF:src/shared/utils/money.ts
FN:28,(anonymous_1)
FN:40,(anonymous_2)
FN:62,(anonymous_3)
FN:73,(anonymous_4)
FN:84,(anonymous_5)
FN:95,(anonymous_6)
FN:110,(anonymous_7)
FN:117,(anonymous_8)
FN:121,(anonymous_9)
FN:125,(anonymous_10)
FN:129,(anonymous_11)
FN:133,(anonymous_12)
FN:137,(anonymous_13)
FN:141,(anonymous_14)
FN:148,(anonymous_15)
FN:158,(anonymous_16)
FN:171,(anonymous_17)
FN:191,(anonymous_18)
FN:203,(anonymous_19)
FN:210,(anonymous_20)
FN:217,(anonymous_21)
FN:224,(anonymous_22)
FN:231,(anonymous_23)
FN:238,(anonymous_24)
FN:245,(anonymous_25)
FN:249,(anonymous_26)
FN:253,(anonymous_27)
FN:260,(anonymous_28)
FN:275,(anonymous_29)
FN:287,(anonymous_30)
FN:288,(anonymous_31)
FN:294,(anonymous_32)
FN:298,(anonymous_33)
FN:304,(anonymous_34)
FN:308,(anonymous_35)
FN:319,(anonymous_36)
FN:361,(anonymous_37)
FNF:37
FNH:35
FNDA:206,(anonymous_1)
FNDA:205,(anonymous_2)
FNDA:27,(anonymous_3)
FNDA:16,(anonymous_4)
FNDA:14,(anonymous_5)
FNDA:2,(anonymous_6)
FNDA:1,(anonymous_7)
FNDA:2,(anonymous_8)
FNDA:8,(anonymous_9)
FNDA:0,(anonymous_10)
FNDA:7,(anonymous_11)
FNDA:0,(anonymous_12)
FNDA:4,(anonymous_13)
FNDA:2,(anonymous_14)
FNDA:2,(anonymous_15)
FNDA:3,(anonymous_16)
FNDA:1,(anonymous_17)
FNDA:1,(anonymous_18)
FNDA:1,(anonymous_19)
FNDA:2,(anonymous_20)
FNDA:5,(anonymous_21)
FNDA:69,(anonymous_22)
FNDA:36,(anonymous_23)
FNDA:1,(anonymous_24)
FNDA:9,(anonymous_25)
FNDA:1,(anonymous_26)
FNDA:1,(anonymous_27)
FNDA:2,(anonymous_28)
FNDA:3,(anonymous_29)
FNDA:7,(anonymous_30)
FNDA:8,(anonymous_31)
FNDA:1,(anonymous_32)
FNDA:2,(anonymous_33)
FNDA:1,(anonymous_34)
FNDA:2,(anonymous_35)
FNDA:3,(anonymous_36)
FNDA:2,(anonymous_37)
DA:7,4
DA:10,4
DA:19,4
DA:23,4
DA:24,4
DA:25,4
DA:26,4
DA:29,206
DA:30,1
DA:32,205
DA:34,205
DA:41,205
DA:42,2
DA:45,203
DA:46,2
DA:49,201
DA:50,2
DA:54,199
DA:55,3
DA:63,27
DA:64,27
DA:65,1
DA:67,26
DA:74,16
DA:75,16
DA:76,1
DA:78,15
DA:85,14
DA:86,1
DA:88,13
DA:89,13
DA:96,2
DA:97,0
DA:99,2
DA:100,2
DA:101,1
DA:103,1
DA:104,1
DA:111,1
DA:118,2
DA:122,8
DA:126,0
DA:130,7
DA:134,0
DA:138,4
DA:142,2
DA:149,2
DA:150,1
DA:152,1
DA:159,3
DA:160,1
DA:163,2
DA:164,1
DA:172,1
DA:173,1
DA:174,1
DA:176,1
DA:177,14
DA:178,14
DA:179,14
DA:180,9
DA:181,9
DA:185,1
DA:192,1
DA:204,1
DA:211,2
DA:218,5
DA:225,69
DA:232,36
DA:239,1
DA:246,9
DA:250,1
DA:254,1
DA:262,2
DA:265,2
DA:266,1
DA:269,1
DA:276,3
DA:277,3
DA:278,1
DA:280,2
DA:288,8
DA:295,1
DA:296,0
DA:298,2
DA:305,1
DA:306,0
DA:308,2
DA:315,4
DA:327,3
DA:328,3
DA:330,3
DA:331,1
DA:342,2
DA:343,2
DA:344,2
DA:345,2
DA:347,2
DA:368,2
DA:369,2
DA:370,2
DA:372,2
DA:378,2
DA:379,2
DA:380,2
DA:382,2
DA:386,4
LF:107
LH:102
BRDA:28,0,0,204
BRDA:29,1,0,1
BRDA:29,1,1,205
BRDA:40,2,0,0
BRDA:41,3,0,2
BRDA:41,4,0,205
BRDA:41,4,1,204
BRDA:45,5,0,2
BRDA:45,6,0,203
BRDA:45,6,1,201
BRDA:49,7,0,2
BRDA:54,8,0,3
BRDA:64,9,0,1
BRDA:75,10,0,1
BRDA:85,11,0,1
BRDA:85,12,0,14
BRDA:85,12,1,14
BRDA:85,12,2,13
BRDA:96,13,0,0
BRDA:96,14,0,2
BRDA:96,14,1,2
BRDA:96,14,2,2
BRDA:100,15,0,1
BRDA:149,16,0,1
BRDA:159,17,0,1
BRDA:163,18,0,1
BRDA:179,19,0,9
BRDA:265,20,0,1
BRDA:295,21,0,0
BRDA:298,22,0,1
BRDA:298,22,1,1
BRDA:305,23,0,0
BRDA:308,24,0,1
BRDA:308,24,1,1
BRDA:324,25,0,1
BRDA:325,26,0,1
BRDA:330,27,0,1
BRF:37
BRH:33
end_of_record
